{"/Users/carsonday/IdeaProjects/Simple-FICS-Interface/packages/shared/src/models/ChatStore.ts": {"path":"/Users/carsonday/IdeaProjects/Simple-FICS-Interface/packages/shared/src/models/ChatStore.ts","statementMap":{"0":{"start":{"line":1,"column":0},"end":{"line":1,"column":42}},"1":{"start":{"line":21,"column":2},"end":{"line":21,"column":41}},"2":{"start":{"line":22,"column":2},"end":{"line":22,"column":26}},"3":{"start":{"line":23,"column":2},"end":{"line":23,"column":30}},"4":{"start":{"line":24,"column":2},"end":{"line":24,"column":20}},"5":{"start":{"line":27,"column":4},"end":{"line":27,"column":29}},"6":{"start":{"line":30,"column":4},"end":{"line":36,"column":7}},"7":{"start":{"line":40,"column":16},"end":{"line":40,"column":36}},"8":{"start":{"line":41,"column":4},"end":{"line":43,"column":5}},"9":{"start":{"line":42,"column":6},"end":{"line":42,"column":56}},"10":{"start":{"line":45,"column":37},"end":{"line":48,"column":6}},"11":{"start":{"line":50,"column":22},"end":{"line":50,"column":43}},"12":{"start":{"line":51,"column":4},"end":{"line":51,"column":41}},"13":{"start":{"line":53,"column":4},"end":{"line":55,"column":5}},"14":{"start":{"line":54,"column":6},"end":{"line":54,"column":30}},"15":{"start":{"line":59,"column":4},"end":{"line":67,"column":5}},"16":{"start":{"line":60,"column":6},"end":{"line":66,"column":9}},"17":{"start":{"line":71,"column":4},"end":{"line":75,"column":5}},"18":{"start":{"line":72,"column":6},"end":{"line":72,"column":31}},"19":{"start":{"line":73,"column":18},"end":{"line":73,"column":39}},"20":{"start":{"line":74,"column":6},"end":{"line":74,"column":26}},"21":{"start":{"line":79,"column":4},"end":{"line":84,"column":5}},"22":{"start":{"line":80,"column":6},"end":{"line":80,"column":30}},"23":{"start":{"line":81,"column":6},"end":{"line":83,"column":7}},"24":{"start":{"line":82,"column":8},"end":{"line":82,"column":37}},"25":{"start":{"line":88,"column":4},"end":{"line":88,"column":36}},"26":{"start":{"line":89,"column":4},"end":{"line":89,"column":49}},"27":{"start":{"line":93,"column":4},"end":{"line":99,"column":5}},"28":{"start":{"line":94,"column":6},"end":{"line":94,"column":26}},"29":{"start":{"line":95,"column":6},"end":{"line":95,"column":50}},"30":{"start":{"line":96,"column":11},"end":{"line":99,"column":5}},"31":{"start":{"line":97,"column":6},"end":{"line":97,"column":26}},"32":{"start":{"line":98,"column":6},"end":{"line":98,"column":50}},"33":{"start":{"line":100,"column":4},"end":{"line":100,"column":16}},"34":{"start":{"line":104,"column":4},"end":{"line":104,"column":43}},"35":{"start":{"line":108,"column":4},"end":{"line":112,"column":7}},"36":{"start":{"line":109,"column":6},"end":{"line":109,"column":42}},"37":{"start":{"line":109,"column":32},"end":{"line":109,"column":42}},"38":{"start":{"line":110,"column":6},"end":{"line":110,"column":41}},"39":{"start":{"line":110,"column":32},"end":{"line":110,"column":41}},"40":{"start":{"line":111,"column":6},"end":{"line":111,"column":42}},"41":{"start":{"line":20,"column":0},"end":{"line":20,"column":13}}},"fnMap":{"0":{"name":"(anonymous_0)","decl":{"start":{"line":26,"column":2},"end":{"line":26,"column":null}},"loc":{"start":{"line":26,"column":2},"end":{"line":37,"column":3}}},"1":{"name":"(anonymous_1)","decl":{"start":{"line":39,"column":2},"end":{"line":39,"column":12}},"loc":{"start":{"line":39,"column":60},"end":{"line":56,"column":3}}},"2":{"name":"(anonymous_2)","decl":{"start":{"line":58,"column":2},"end":{"line":58,"column":11}},"loc":{"start":{"line":58,"column":59},"end":{"line":68,"column":3}}},"3":{"name":"(anonymous_3)","decl":{"start":{"line":70,"column":2},"end":{"line":70,"column":14}},"loc":{"start":{"line":70,"column":28},"end":{"line":76,"column":3}}},"4":{"name":"(anonymous_4)","decl":{"start":{"line":78,"column":2},"end":{"line":78,"column":10}},"loc":{"start":{"line":78,"column":24},"end":{"line":85,"column":3}}},"5":{"name":"(anonymous_5)","decl":{"start":{"line":87,"column":2},"end":{"line":87,"column":14}},"loc":{"start":{"line":87,"column":30},"end":{"line":90,"column":3}}},"6":{"name":"(anonymous_6)","decl":{"start":{"line":92,"column":2},"end":{"line":92,"column":17}},"loc":{"start":{"line":92,"column":42},"end":{"line":101,"column":3}}},"7":{"name":"(anonymous_7)","decl":{"start":{"line":103,"column":2},"end":{"line":103,"column":6}},"loc":{"start":{"line":103,"column":15},"end":{"line":105,"column":3}}},"8":{"name":"(anonymous_8)","decl":{"start":{"line":107,"column":2},"end":{"line":107,"column":6}},"loc":{"start":{"line":107,"column":16},"end":{"line":113,"column":3}}},"9":{"name":"(anonymous_9)","decl":{"start":{"line":108,"column":47},"end":{"line":108,"column":48}},"loc":{"start":{"line":108,"column":56},"end":{"line":112,"column":5}}}},"branchMap":{"0":{"loc":{"start":{"line":41,"column":4},"end":{"line":43,"column":5}},"type":"if","locations":[{"start":{"line":41,"column":4},"end":{"line":43,"column":5}}]},"1":{"loc":{"start":{"line":53,"column":4},"end":{"line":55,"column":5}},"type":"if","locations":[{"start":{"line":53,"column":4},"end":{"line":55,"column":5}}]},"2":{"loc":{"start":{"line":59,"column":4},"end":{"line":67,"column":5}},"type":"if","locations":[{"start":{"line":59,"column":4},"end":{"line":67,"column":5}}]},"3":{"loc":{"start":{"line":71,"column":4},"end":{"line":75,"column":5}},"type":"if","locations":[{"start":{"line":71,"column":4},"end":{"line":75,"column":5}}]},"4":{"loc":{"start":{"line":79,"column":4},"end":{"line":84,"column":5}},"type":"if","locations":[{"start":{"line":79,"column":4},"end":{"line":84,"column":5}}]},"5":{"loc":{"start":{"line":79,"column":8},"end":{"line":79,"column":51}},"type":"binary-expr","locations":[{"start":{"line":79,"column":8},"end":{"line":79,"column":27}},{"start":{"line":79,"column":31},"end":{"line":79,"column":51}}]},"6":{"loc":{"start":{"line":81,"column":6},"end":{"line":83,"column":7}},"type":"if","locations":[{"start":{"line":81,"column":6},"end":{"line":83,"column":7}}]},"7":{"loc":{"start":{"line":93,"column":4},"end":{"line":99,"column":5}},"type":"if","locations":[{"start":{"line":93,"column":4},"end":{"line":99,"column":5}},{"start":{"line":96,"column":11},"end":{"line":99,"column":5}}]},"8":{"loc":{"start":{"line":93,"column":8},"end":{"line":93,"column":51}},"type":"binary-expr","locations":[{"start":{"line":93,"column":8},"end":{"line":93,"column":26}},{"start":{"line":93,"column":30},"end":{"line":93,"column":51}}]},"9":{"loc":{"start":{"line":96,"column":11},"end":{"line":99,"column":5}},"type":"if","locations":[{"start":{"line":96,"column":11},"end":{"line":99,"column":5}}]},"10":{"loc":{"start":{"line":96,"column":15},"end":{"line":96,"column":87}},"type":"binary-expr","locations":[{"start":{"line":96,"column":15},"end":{"line":96,"column":35}},{"start":{"line":96,"column":39},"end":{"line":96,"column":87}}]},"11":{"loc":{"start":{"line":109,"column":6},"end":{"line":109,"column":42}},"type":"if","locations":[{"start":{"line":109,"column":6},"end":{"line":109,"column":42}}]},"12":{"loc":{"start":{"line":110,"column":6},"end":{"line":110,"column":41}},"type":"if","locations":[{"start":{"line":110,"column":6},"end":{"line":110,"column":41}}]}},"s":{"0":0,"1":0,"2":0,"3":0,"4":0,"5":0,"6":0,"7":0,"8":0,"9":0,"10":0,"11":0,"12":0,"13":0,"14":0,"15":0,"16":0,"17":0,"18":0,"19":0,"20":0,"21":0,"22":0,"23":0,"24":0,"25":0,"26":0,"27":0,"28":0,"29":0,"30":0,"31":0,"32":0,"33":0,"34":0,"35":0,"36":0,"37":0,"38":0,"39":0,"40":0,"41":0},"f":{"0":0,"1":0,"2":0,"3":0,"4":0,"5":0,"6":0,"7":0,"8":0,"9":0},"b":{"0":[0],"1":[0],"2":[0],"3":[0],"4":[0],"5":[0,0],"6":[0],"7":[0,0],"8":[0,0],"9":[0],"10":[0,0],"11":[0],"12":[0]}}
,"/Users/carsonday/IdeaProjects/Simple-FICS-Interface/packages/shared/src/models/FICSStore.ts": {"path":"/Users/carsonday/IdeaProjects/Simple-FICS-Interface/packages/shared/src/models/FICSStore.ts","statementMap":{"0":{"start":{"line":1,"column":0},"end":{"line":1,"column":55}},"1":{"start":{"line":10,"column":2},"end":{"line":10,"column":20}},"2":{"start":{"line":11,"column":2},"end":{"line":11,"column":21}},"3":{"start":{"line":12,"column":2},"end":{"line":12,"column":31}},"4":{"start":{"line":13,"column":2},"end":{"line":13,"column":23}},"5":{"start":{"line":14,"column":2},"end":{"line":14,"column":23}},"6":{"start":{"line":15,"column":2},"end":{"line":15,"column":30}},"7":{"start":{"line":17,"column":10},"end":{"line":17,"column":38}},"8":{"start":{"line":18,"column":10},"end":{"line":18,"column":57}},"9":{"start":{"line":21,"column":4},"end":{"line":21,"column":29}},"10":{"start":{"line":25,"column":4},"end":{"line":25,"column":27}},"11":{"start":{"line":26,"column":4},"end":{"line":26,"column":22}},"12":{"start":{"line":28,"column":4},"end":{"line":67,"column":5}},"13":{"start":{"line":29,"column":6},"end":{"line":29,"column":62}},"14":{"start":{"line":31,"column":6},"end":{"line":42,"column":8}},"15":{"start":{"line":32,"column":8},"end":{"line":35,"column":11}},"16":{"start":{"line":33,"column":10},"end":{"line":33,"column":32}},"17":{"start":{"line":34,"column":10},"end":{"line":34,"column":34}},"18":{"start":{"line":37,"column":8},"end":{"line":41,"column":9}},"19":{"start":{"line":38,"column":10},"end":{"line":38,"column":65}},"20":{"start":{"line":40,"column":10},"end":{"line":40,"column":30}},"21":{"start":{"line":44,"column":6},"end":{"line":46,"column":8}},"22":{"start":{"line":45,"column":8},"end":{"line":45,"column":39}},"23":{"start":{"line":48,"column":6},"end":{"line":54,"column":8}},"24":{"start":{"line":49,"column":8},"end":{"line":52,"column":11}},"25":{"start":{"line":50,"column":10},"end":{"line":50,"column":33}},"26":{"start":{"line":51,"column":10},"end":{"line":51,"column":34}},"27":{"start":{"line":53,"column":8},"end":{"line":53,"column":33}},"28":{"start":{"line":56,"column":6},"end":{"line":61,"column":8}},"29":{"start":{"line":57,"column":8},"end":{"line":60,"column":11}},"30":{"start":{"line":58,"column":10},"end":{"line":58,"column":42}},"31":{"start":{"line":59,"column":10},"end":{"line":59,"column":34}},"32":{"start":{"line":63,"column":6},"end":{"line":66,"column":9}},"33":{"start":{"line":64,"column":8},"end":{"line":64,"column":41}},"34":{"start":{"line":65,"column":8},"end":{"line":65,"column":32}},"35":{"start":{"line":71,"column":4},"end":{"line":74,"column":5}},"36":{"start":{"line":72,"column":6},"end":{"line":72,"column":42}},"37":{"start":{"line":73,"column":6},"end":{"line":73,"column":35}},"38":{"start":{"line":76,"column":4},"end":{"line":79,"column":5}},"39":{"start":{"line":77,"column":6},"end":{"line":77,"column":22}},"40":{"start":{"line":78,"column":6},"end":{"line":78,"column":21}},"41":{"start":{"line":81,"column":4},"end":{"line":81,"column":27}},"42":{"start":{"line":82,"column":4},"end":{"line":82,"column":21}},"43":{"start":{"line":86,"column":4},"end":{"line":88,"column":5}},"44":{"start":{"line":87,"column":6},"end":{"line":87,"column":36}},"45":{"start":{"line":92,"column":4},"end":{"line":92,"column":31}},"46":{"start":{"line":93,"column":4},"end":{"line":93,"column":31}},"47":{"start":{"line":97,"column":4},"end":{"line":97,"column":30}},"48":{"start":{"line":102,"column":4},"end":{"line":102,"column":39}},"49":{"start":{"line":106,"column":4},"end":{"line":108,"column":13}},"50":{"start":{"line":107,"column":6},"end":{"line":107,"column":21}},"51":{"start":{"line":9,"column":0},"end":{"line":9,"column":13}}},"fnMap":{"0":{"name":"(anonymous_0)","decl":{"start":{"line":20,"column":2},"end":{"line":20,"column":null}},"loc":{"start":{"line":20,"column":2},"end":{"line":22,"column":3}}},"1":{"name":"(anonymous_1)","decl":{"start":{"line":24,"column":2},"end":{"line":24,"column":9}},"loc":{"start":{"line":24,"column":62},"end":{"line":68,"column":3}}},"2":{"name":"(anonymous_2)","decl":{"start":{"line":31,"column":23},"end":{"line":31,"column":26}},"loc":{"start":{"line":31,"column":28},"end":{"line":42,"column":7}}},"3":{"name":"(anonymous_3)","decl":{"start":{"line":32,"column":20},"end":{"line":32,"column":23}},"loc":{"start":{"line":32,"column":25},"end":{"line":35,"column":9}}},"4":{"name":"(anonymous_4)","decl":{"start":{"line":44,"column":26},"end":{"line":44,"column":27}},"loc":{"start":{"line":44,"column":36},"end":{"line":46,"column":7}}},"5":{"name":"(anonymous_5)","decl":{"start":{"line":48,"column":24},"end":{"line":48,"column":27}},"loc":{"start":{"line":48,"column":29},"end":{"line":54,"column":7}}},"6":{"name":"(anonymous_6)","decl":{"start":{"line":49,"column":20},"end":{"line":49,"column":23}},"loc":{"start":{"line":49,"column":25},"end":{"line":52,"column":9}}},"7":{"name":"(anonymous_7)","decl":{"start":{"line":56,"column":24},"end":{"line":56,"column":25}},"loc":{"start":{"line":56,"column":34},"end":{"line":61,"column":7}}},"8":{"name":"(anonymous_8)","decl":{"start":{"line":57,"column":20},"end":{"line":57,"column":23}},"loc":{"start":{"line":57,"column":25},"end":{"line":60,"column":9}}},"9":{"name":"(anonymous_9)","decl":{"start":{"line":63,"column":18},"end":{"line":63,"column":21}},"loc":{"start":{"line":63,"column":23},"end":{"line":66,"column":7}}},"10":{"name":"(anonymous_10)","decl":{"start":{"line":70,"column":2},"end":{"line":70,"column":12}},"loc":{"start":{"line":70,"column":12},"end":{"line":83,"column":3}}},"11":{"name":"(anonymous_11)","decl":{"start":{"line":85,"column":2},"end":{"line":85,"column":13}},"loc":{"start":{"line":85,"column":29},"end":{"line":89,"column":3}}},"12":{"name":"(anonymous_12)","decl":{"start":{"line":91,"column":10},"end":{"line":91,"column":15}},"loc":{"start":{"line":91,"column":50},"end":{"line":94,"column":3}}},"13":{"name":"(anonymous_13)","decl":{"start":{"line":96,"column":10},"end":{"line":96,"column":22}},"loc":{"start":{"line":96,"column":22},"end":{"line":98,"column":3}}},"14":{"name":"(anonymous_14)","decl":{"start":{"line":100,"column":10},"end":{"line":100,"column":23}},"loc":{"start":{"line":100,"column":36},"end":{"line":103,"column":3}}},"15":{"name":"(anonymous_15)","decl":{"start":{"line":105,"column":10},"end":{"line":105,"column":27}},"loc":{"start":{"line":105,"column":27},"end":{"line":109,"column":3}}},"16":{"name":"(anonymous_16)","decl":{"start":{"line":106,"column":39},"end":{"line":106,"column":42}},"loc":{"start":{"line":106,"column":44},"end":{"line":108,"column":5}}}},"branchMap":{"0":{"loc":{"start":{"line":37,"column":8},"end":{"line":41,"column":9}},"type":"if","locations":[{"start":{"line":37,"column":8},"end":{"line":41,"column":9}},{"start":{"line":39,"column":15},"end":{"line":41,"column":9}}]},"1":{"loc":{"start":{"line":71,"column":4},"end":{"line":74,"column":5}},"type":"if","locations":[{"start":{"line":71,"column":4},"end":{"line":74,"column":5}}]},"2":{"loc":{"start":{"line":76,"column":4},"end":{"line":79,"column":5}},"type":"if","locations":[{"start":{"line":76,"column":4},"end":{"line":79,"column":5}}]},"3":{"loc":{"start":{"line":86,"column":4},"end":{"line":88,"column":5}},"type":"if","locations":[{"start":{"line":86,"column":4},"end":{"line":88,"column":5}}]},"4":{"loc":{"start":{"line":86,"column":8},"end":{"line":86,"column":33}},"type":"binary-expr","locations":[{"start":{"line":86,"column":8},"end":{"line":86,"column":15}},{"start":{"line":86,"column":19},"end":{"line":86,"column":33}}]}},"s":{"0":0,"1":0,"2":0,"3":0,"4":0,"5":0,"6":0,"7":0,"8":0,"9":0,"10":0,"11":0,"12":0,"13":0,"14":0,"15":0,"16":0,"17":0,"18":0,"19":0,"20":0,"21":0,"22":0,"23":0,"24":0,"25":0,"26":0,"27":0,"28":0,"29":0,"30":0,"31":0,"32":0,"33":0,"34":0,"35":0,"36":0,"37":0,"38":0,"39":0,"40":0,"41":0,"42":0,"43":0,"44":0,"45":0,"46":0,"47":0,"48":0,"49":0,"50":0,"51":0},"f":{"0":0,"1":0,"2":0,"3":0,"4":0,"5":0,"6":0,"7":0,"8":0,"9":0,"10":0,"11":0,"12":0,"13":0,"14":0,"15":0,"16":0},"b":{"0":[0,0],"1":[0],"2":[0],"3":[0],"4":[0,0]}}
,"/Users/carsonday/IdeaProjects/Simple-FICS-Interface/packages/shared/src/models/GameStore.ts": {"path":"/Users/carsonday/IdeaProjects/Simple-FICS-Interface/packages/shared/src/models/GameStore.ts","statementMap":{"0":{"start":{"line":1,"column":0},"end":{"line":1,"column":42}},"1":{"start":{"line":2,"column":0},"end":{"line":2,"column":33}},"2":{"start":{"line":22,"column":2},"end":{"line":22,"column":39}},"3":{"start":{"line":24,"column":2},"end":{"line":24,"column":29}},"4":{"start":{"line":25,"column":2},"end":{"line":25,"column":22}},"5":{"start":{"line":26,"column":2},"end":{"line":26,"column":73}},"6":{"start":{"line":29,"column":4},"end":{"line":29,"column":29}},"7":{"start":{"line":30,"column":4},"end":{"line":30,"column":29}},"8":{"start":{"line":34,"column":4},"end":{"line":34,"column":33}},"9":{"start":{"line":35,"column":4},"end":{"line":35,"column":26}},"10":{"start":{"line":36,"column":4},"end":{"line":36,"column":27}},"11":{"start":{"line":38,"column":4},"end":{"line":42,"column":5}},"12":{"start":{"line":39,"column":6},"end":{"line":39,"column":27}},"13":{"start":{"line":41,"column":6},"end":{"line":41,"column":25}},"14":{"start":{"line":46,"column":4},"end":{"line":54,"column":5}},"15":{"start":{"line":47,"column":19},"end":{"line":47,"column":59}},"16":{"start":{"line":48,"column":6},"end":{"line":51,"column":7}},"17":{"start":{"line":49,"column":8},"end":{"line":49,"column":40}},"18":{"start":{"line":50,"column":8},"end":{"line":50,"column":20}},"19":{"start":{"line":53,"column":6},"end":{"line":53,"column":44}},"20":{"start":{"line":55,"column":4},"end":{"line":55,"column":17}},"21":{"start":{"line":64,"column":4},"end":{"line":64,"column":33}},"22":{"start":{"line":68,"column":4},"end":{"line":68,"column":41}},"23":{"start":{"line":72,"column":4},"end":{"line":72,"column":28}},"24":{"start":{"line":76,"column":4},"end":{"line":76,"column":28}},"25":{"start":{"line":21,"column":0},"end":{"line":21,"column":13}}},"fnMap":{"0":{"name":"(anonymous_0)","decl":{"start":{"line":28,"column":2},"end":{"line":28,"column":null}},"loc":{"start":{"line":28,"column":2},"end":{"line":31,"column":3}}},"1":{"name":"(anonymous_1)","decl":{"start":{"line":33,"column":2},"end":{"line":33,"column":14}},"loc":{"start":{"line":33,"column":49},"end":{"line":43,"column":3}}},"2":{"name":"(anonymous_2)","decl":{"start":{"line":45,"column":2},"end":{"line":45,"column":10}},"loc":{"start":{"line":45,"column":55},"end":{"line":56,"column":3}}},"3":{"name":"(anonymous_3)","decl":{"start":{"line":58,"column":2},"end":{"line":58,"column":19}},"loc":{"start":{"line":58,"column":36},"end":{"line":61,"column":3}}},"4":{"name":"(anonymous_4)","decl":{"start":{"line":63,"column":2},"end":{"line":63,"column":15}},"loc":{"start":{"line":63,"column":72},"end":{"line":65,"column":3}}},"5":{"name":"(anonymous_5)","decl":{"start":{"line":67,"column":2},"end":{"line":67,"column":16}},"loc":{"start":{"line":67,"column":16},"end":{"line":69,"column":3}}},"6":{"name":"(anonymous_6)","decl":{"start":{"line":71,"column":2},"end":{"line":71,"column":6}},"loc":{"start":{"line":71,"column":9},"end":{"line":73,"column":3}}},"7":{"name":"(anonymous_7)","decl":{"start":{"line":75,"column":2},"end":{"line":75,"column":6}},"loc":{"start":{"line":75,"column":9},"end":{"line":77,"column":3}}}},"branchMap":{"0":{"loc":{"start":{"line":38,"column":4},"end":{"line":42,"column":5}},"type":"if","locations":[{"start":{"line":38,"column":4},"end":{"line":42,"column":5}},{"start":{"line":40,"column":11},"end":{"line":42,"column":5}}]},"1":{"loc":{"start":{"line":48,"column":6},"end":{"line":51,"column":7}},"type":"if","locations":[{"start":{"line":48,"column":6},"end":{"line":51,"column":7}}]}},"s":{"0":0,"1":0,"2":0,"3":0,"4":0,"5":0,"6":0,"7":0,"8":0,"9":0,"10":0,"11":0,"12":0,"13":0,"14":0,"15":0,"16":0,"17":0,"18":0,"19":0,"20":0,"21":0,"22":0,"23":0,"24":0,"25":0},"f":{"0":0,"1":0,"2":0,"3":0,"4":0,"5":0,"6":0,"7":0},"b":{"0":[0,0],"1":[0]}}
,"/Users/carsonday/IdeaProjects/Simple-FICS-Interface/packages/shared/src/models/PreferencesStore.ts": {"path":"/Users/carsonday/IdeaProjects/Simple-FICS-Interface/packages/shared/src/models/PreferencesStore.ts","statementMap":{"0":{"start":{"line":1,"column":0},"end":{"line":1,"column":42}},"1":{"start":{"line":33,"column":41},"end":{"line":52,"column":2}},"2":{"start":{"line":55,"column":2},"end":{"line":55,"column":49}},"3":{"start":{"line":58,"column":4},"end":{"line":58,"column":29}},"4":{"start":{"line":59,"column":4},"end":{"line":59,"column":27}},"5":{"start":{"line":63,"column":4},"end":{"line":63,"column":34}},"6":{"start":{"line":64,"column":4},"end":{"line":64,"column":27}},"7":{"start":{"line":68,"column":4},"end":{"line":68,"column":50}},"8":{"start":{"line":69,"column":4},"end":{"line":69,"column":27}},"9":{"start":{"line":73,"column":4},"end":{"line":83,"column":5}},"10":{"start":{"line":74,"column":20},"end":{"line":74,"column":60}},"11":{"start":{"line":75,"column":6},"end":{"line":82,"column":7}},"12":{"start":{"line":76,"column":8},"end":{"line":81,"column":9}},"13":{"start":{"line":77,"column":25},"end":{"line":77,"column":42}},"14":{"start":{"line":78,"column":10},"end":{"line":78,"column":67}},"15":{"start":{"line":80,"column":10},"end":{"line":80,"column":62}},"16":{"start":{"line":87,"column":4},"end":{"line":93,"column":5}},"17":{"start":{"line":88,"column":6},"end":{"line":92,"column":7}},"18":{"start":{"line":89,"column":8},"end":{"line":89,"column":83}},"19":{"start":{"line":91,"column":8},"end":{"line":91,"column":60}},"20":{"start":{"line":54,"column":0},"end":{"line":54,"column":13}}},"fnMap":{"0":{"name":"(anonymous_0)","decl":{"start":{"line":57,"column":2},"end":{"line":57,"column":null}},"loc":{"start":{"line":57,"column":2},"end":{"line":60,"column":3}}},"1":{"name":"(anonymous_1)","decl":{"start":{"line":62,"column":2},"end":{"line":62,"column":18}},"loc":{"start":{"line":62,"column":77},"end":{"line":65,"column":3}}},"2":{"name":"(anonymous_2)","decl":{"start":{"line":67,"column":2},"end":{"line":67,"column":17}},"loc":{"start":{"line":67,"column":17},"end":{"line":70,"column":3}}},"3":{"name":"(anonymous_3)","decl":{"start":{"line":72,"column":10},"end":{"line":72,"column":25}},"loc":{"start":{"line":72,"column":25},"end":{"line":84,"column":3}}},"4":{"name":"(anonymous_4)","decl":{"start":{"line":86,"column":10},"end":{"line":86,"column":25}},"loc":{"start":{"line":86,"column":25},"end":{"line":94,"column":3}}}},"branchMap":{"0":{"loc":{"start":{"line":73,"column":4},"end":{"line":83,"column":5}},"type":"if","locations":[{"start":{"line":73,"column":4},"end":{"line":83,"column":5}}]},"1":{"loc":{"start":{"line":73,"column":8},"end":{"line":73,"column":60}},"type":"binary-expr","locations":[{"start":{"line":73,"column":8},"end":{"line":73,"column":37}},{"start":{"line":73,"column":41},"end":{"line":73,"column":60}}]},"2":{"loc":{"start":{"line":75,"column":6},"end":{"line":82,"column":7}},"type":"if","locations":[{"start":{"line":75,"column":6},"end":{"line":82,"column":7}}]},"3":{"loc":{"start":{"line":87,"column":4},"end":{"line":93,"column":5}},"type":"if","locations":[{"start":{"line":87,"column":4},"end":{"line":93,"column":5}}]},"4":{"loc":{"start":{"line":87,"column":8},"end":{"line":87,"column":60}},"type":"binary-expr","locations":[{"start":{"line":87,"column":8},"end":{"line":87,"column":37}},{"start":{"line":87,"column":41},"end":{"line":87,"column":60}}]}},"s":{"0":0,"1":0,"2":0,"3":0,"4":0,"5":0,"6":0,"7":0,"8":0,"9":0,"10":0,"11":0,"12":0,"13":0,"14":0,"15":0,"16":0,"17":0,"18":0,"19":0,"20":0},"f":{"0":0,"1":0,"2":0,"3":0,"4":0},"b":{"0":[0],"1":[0,0],"2":[0],"3":[0],"4":[0,0]}}
,"/Users/carsonday/IdeaProjects/Simple-FICS-Interface/packages/shared/src/models/RootStore.ts": {"path":"/Users/carsonday/IdeaProjects/Simple-FICS-Interface/packages/shared/src/models/RootStore.ts","statementMap":{"0":{"start":{"line":1,"column":0},"end":{"line":1,"column":40}},"1":{"start":{"line":2,"column":0},"end":{"line":2,"column":40}},"2":{"start":{"line":3,"column":0},"end":{"line":3,"column":40}},"3":{"start":{"line":4,"column":0},"end":{"line":4,"column":54}},"4":{"start":{"line":13,"column":4},"end":{"line":13,"column":37}},"5":{"start":{"line":14,"column":4},"end":{"line":14,"column":37}},"6":{"start":{"line":15,"column":4},"end":{"line":15,"column":37}},"7":{"start":{"line":16,"column":4},"end":{"line":16,"column":51}},"8":{"start":{"line":6,"column":0},"end":{"line":6,"column":13}},"9":{"start":{"line":20,"column":31},"end":{"line":20,"column":52}},"10":{"start":{"line":20,"column":37},"end":{"line":20,"column":52}},"11":{"start":{"line":20,"column":13},"end":{"line":20,"column":31}}},"fnMap":{"0":{"name":"(anonymous_0)","decl":{"start":{"line":12,"column":2},"end":{"line":12,"column":null}},"loc":{"start":{"line":12,"column":2},"end":{"line":17,"column":3}}},"1":{"name":"(anonymous_1)","decl":{"start":{"line":20,"column":31},"end":{"line":20,"column":34}},"loc":{"start":{"line":20,"column":37},"end":{"line":20,"column":52}}}},"branchMap":{},"s":{"0":0,"1":0,"2":0,"3":0,"4":0,"5":0,"6":0,"7":0,"8":0,"9":0,"10":0,"11":0},"f":{"0":0,"1":0},"b":{}}
,"/Users/carsonday/IdeaProjects/Simple-FICS-Interface/packages/shared/src/services/ChessEngine.execution.ts": {"path":"/Users/carsonday/IdeaProjects/Simple-FICS-Interface/packages/shared/src/services/ChessEngine.execution.ts","statementMap":{"0":{"start":{"line":5,"column":0},"end":{"line":5,"column":null}},"1":{"start":{"line":17,"column":0},"end":{"line":17,"column":54}},"2":{"start":{"line":39,"column":36},"end":{"line":42,"column":6}},"3":{"start":{"line":44,"column":17},"end":{"line":44,"column":50}},"4":{"start":{"line":45,"column":15},"end":{"line":45,"column":46}},"5":{"start":{"line":47,"column":4},"end":{"line":49,"column":5}},"6":{"start":{"line":48,"column":6},"end":{"line":48,"column":20}},"7":{"start":{"line":51,"column":18},"end":{"line":51,"column":57}},"8":{"start":{"line":52,"column":4},"end":{"line":54,"column":5}},"9":{"start":{"line":53,"column":6},"end":{"line":53,"column":20}},"10":{"start":{"line":57,"column":4},"end":{"line":59,"column":5}},"11":{"start":{"line":58,"column":6},"end":{"line":58,"column":74}},"12":{"start":{"line":62,"column":26},"end":{"line":62,"column":61}},"13":{"start":{"line":63,"column":4},"end":{"line":65,"column":5}},"14":{"start":{"line":64,"column":6},"end":{"line":64,"column":43}},"15":{"start":{"line":68,"column":4},"end":{"line":68,"column":48}},"16":{"start":{"line":69,"column":4},"end":{"line":69,"column":51}},"17":{"start":{"line":72,"column":4},"end":{"line":79,"column":5}},"18":{"start":{"line":73,"column":25},"end":{"line":73,"column":33}},"19":{"start":{"line":74,"column":27},"end":{"line":74,"column":66}},"20":{"start":{"line":75,"column":6},"end":{"line":78,"column":7}},"21":{"start":{"line":76,"column":8},"end":{"line":76,"column":44}},"22":{"start":{"line":77,"column":8},"end":{"line":77,"column":55}},"23":{"start":{"line":82,"column":4},"end":{"line":85,"column":5}},"24":{"start":{"line":83,"column":6},"end":{"line":83,"column":65}},"25":{"start":{"line":84,"column":6},"end":{"line":84,"column":34}},"26":{"start":{"line":88,"column":4},"end":{"line":91,"column":5}},"27":{"start":{"line":90,"column":6},"end":{"line":90,"column":75}},"28":{"start":{"line":94,"column":4},"end":{"line":100,"column":6}},"29":{"start":{"line":103,"column":4},"end":{"line":108,"column":5}},"30":{"start":{"line":104,"column":27},"end":{"line":104,"column":61}},"31":{"start":{"line":105,"column":6},"end":{"line":105,"column":90}},"32":{"start":{"line":107,"column":6},"end":{"line":107,"column":36}},"33":{"start":{"line":110,"column":4},"end":{"line":110,"column":26}},"34":{"start":{"line":111,"column":4},"end":{"line":111,"column":18}},"35":{"start":{"line":122,"column":36},"end":{"line":125,"column":6}},"36":{"start":{"line":127,"column":16},"end":{"line":127,"column":45}},"37":{"start":{"line":128,"column":23},"end":{"line":128,"column":55}},"38":{"start":{"line":130,"column":4},"end":{"line":144,"column":5}},"39":{"start":{"line":132,"column":6},"end":{"line":132,"column":36}},"40":{"start":{"line":133,"column":6},"end":{"line":133,"column":27}},"41":{"start":{"line":135,"column":6},"end":{"line":135,"column":36}},"42":{"start":{"line":136,"column":6},"end":{"line":136,"column":27}},"43":{"start":{"line":139,"column":6},"end":{"line":139,"column":36}},"44":{"start":{"line":140,"column":6},"end":{"line":140,"column":27}},"45":{"start":{"line":142,"column":6},"end":{"line":142,"column":36}},"46":{"start":{"line":143,"column":6},"end":{"line":143,"column":27}},"47":{"start":{"line":147,"column":4},"end":{"line":149,"column":31}},"48":{"start":{"line":151,"column":4},"end":{"line":151,"column":18}},"49":{"start":{"line":165,"column":45},"end":{"line":165,"column":47}},"50":{"start":{"line":166,"column":21},"end":{"line":166,"column":26}},"51":{"start":{"line":169,"column":4},"end":{"line":183,"column":5}},"52":{"start":{"line":170,"column":6},"end":{"line":182,"column":7}},"53":{"start":{"line":171,"column":8},"end":{"line":175,"column":9}},"54":{"start":{"line":172,"column":10},"end":{"line":172,"column":28}},"55":{"start":{"line":173,"column":10},"end":{"line":173,"column":28}},"56":{"start":{"line":174,"column":10},"end":{"line":174,"column":28}},"57":{"start":{"line":177,"column":8},"end":{"line":181,"column":9}},"58":{"start":{"line":178,"column":10},"end":{"line":178,"column":28}},"59":{"start":{"line":179,"column":10},"end":{"line":179,"column":28}},"60":{"start":{"line":180,"column":10},"end":{"line":180,"column":28}},"61":{"start":{"line":186,"column":4},"end":{"line":208,"column":5}},"62":{"start":{"line":187,"column":6},"end":{"line":207,"column":7}},"63":{"start":{"line":188,"column":8},"end":{"line":196,"column":9}},"64":{"start":{"line":189,"column":10},"end":{"line":195,"column":11}},"65":{"start":{"line":190,"column":12},"end":{"line":190,"column":30}},"66":{"start":{"line":191,"column":12},"end":{"line":191,"column":30}},"67":{"start":{"line":192,"column":17},"end":{"line":195,"column":11}},"68":{"start":{"line":193,"column":12},"end":{"line":193,"column":30}},"69":{"start":{"line":194,"column":12},"end":{"line":194,"column":30}},"70":{"start":{"line":198,"column":8},"end":{"line":206,"column":9}},"71":{"start":{"line":199,"column":10},"end":{"line":205,"column":11}},"72":{"start":{"line":200,"column":12},"end":{"line":200,"column":30}},"73":{"start":{"line":201,"column":12},"end":{"line":201,"column":30}},"74":{"start":{"line":202,"column":17},"end":{"line":205,"column":11}},"75":{"start":{"line":203,"column":12},"end":{"line":203,"column":30}},"76":{"start":{"line":204,"column":12},"end":{"line":204,"column":30}},"77":{"start":{"line":211,"column":26},"end":{"line":211,"column":31}},"78":{"start":{"line":212,"column":4},"end":{"line":235,"column":5}},"79":{"start":{"line":213,"column":28},"end":{"line":213,"column":83}},"80":{"start":{"line":214,"column":6},"end":{"line":234,"column":7}},"81":{"start":{"line":215,"column":8},"end":{"line":223,"column":9}},"82":{"start":{"line":216,"column":10},"end":{"line":222,"column":11}},"83":{"start":{"line":217,"column":12},"end":{"line":217,"column":30}},"84":{"start":{"line":218,"column":12},"end":{"line":218,"column":30}},"85":{"start":{"line":219,"column":17},"end":{"line":222,"column":11}},"86":{"start":{"line":220,"column":12},"end":{"line":220,"column":30}},"87":{"start":{"line":221,"column":12},"end":{"line":221,"column":30}},"88":{"start":{"line":225,"column":8},"end":{"line":233,"column":9}},"89":{"start":{"line":226,"column":10},"end":{"line":232,"column":11}},"90":{"start":{"line":227,"column":12},"end":{"line":227,"column":30}},"91":{"start":{"line":228,"column":12},"end":{"line":228,"column":30}},"92":{"start":{"line":229,"column":17},"end":{"line":232,"column":11}},"93":{"start":{"line":230,"column":12},"end":{"line":230,"column":30}},"94":{"start":{"line":231,"column":12},"end":{"line":231,"column":30}},"95":{"start":{"line":237,"column":4},"end":{"line":237,"column":44}},"96":{"start":{"line":249,"column":36},"end":{"line":252,"column":6}},"97":{"start":{"line":254,"column":19},"end":{"line":254,"column":49}},"98":{"start":{"line":255,"column":4},"end":{"line":257,"column":5}},"99":{"start":{"line":256,"column":6},"end":{"line":256,"column":20}},"100":{"start":{"line":260,"column":4},"end":{"line":262,"column":5}},"101":{"start":{"line":261,"column":6},"end":{"line":261,"column":20}},"102":{"start":{"line":265,"column":4},"end":{"line":268,"column":6}},"103":{"start":{"line":270,"column":4},"end":{"line":270,"column":26}},"104":{"start":{"line":271,"column":4},"end":{"line":271,"column":18}},"105":{"start":{"line":278,"column":4},"end":{"line":278,"column":75}},"106":{"start":{"line":278,"column":28},"end":{"line":278,"column":73}},"107":{"start":{"line":278,"column":45},"end":{"line":278,"column":72}},"108":{"start":{"line":285,"column":4},"end":{"line":285,"column":41}},"109":{"start":{"line":285,"column":29},"end":{"line":285,"column":41}},"110":{"start":{"line":287,"column":16},"end":{"line":287,"column":56}},"111":{"start":{"line":288,"column":16},"end":{"line":288,"column":39}},"112":{"start":{"line":290,"column":4},"end":{"line":292,"column":5}},"113":{"start":{"line":291,"column":6},"end":{"line":291,"column":18}},"114":{"start":{"line":294,"column":4},"end":{"line":294,"column":24}},"115":{"start":{"line":301,"column":4},"end":{"line":301,"column":82}},"116":{"start":{"line":308,"column":47},"end":{"line":311,"column":6}},"117":{"start":{"line":314,"column":4},"end":{"line":322,"column":5}},"118":{"start":{"line":314,"column":19},"end":{"line":314,"column":20}},"119":{"start":{"line":315,"column":6},"end":{"line":321,"column":7}},"120":{"start":{"line":315,"column":21},"end":{"line":315,"column":22}},"121":{"start":{"line":316,"column":22},"end":{"line":316,"column":37}},"122":{"start":{"line":317,"column":8},"end":{"line":320,"column":9}},"123":{"start":{"line":318,"column":27},"end":{"line":318,"column":74}},"124":{"start":{"line":319,"column":10},"end":{"line":319,"column":39}},"125":{"start":{"line":325,"column":4},"end":{"line":341,"column":5}},"126":{"start":{"line":326,"column":26},"end":{"line":326,"column":39}},"127":{"start":{"line":329,"column":6},"end":{"line":329,"column":45}},"128":{"start":{"line":329,"column":36},"end":{"line":329,"column":45}},"129":{"start":{"line":332,"column":6},"end":{"line":337,"column":7}},"130":{"start":{"line":333,"column":24},"end":{"line":333,"column":72}},"131":{"start":{"line":333,"column":46},"end":{"line":333,"column":71}},"132":{"start":{"line":334,"column":8},"end":{"line":336,"column":9}},"133":{"start":{"line":335,"column":10},"end":{"line":335,"column":19}},"134":{"start":{"line":340,"column":6},"end":{"line":340,"column":19}},"135":{"start":{"line":344,"column":4},"end":{"line":344,"column":16}},"136":{"start":{"line":351,"column":27},"end":{"line":351,"column":52}},"137":{"start":{"line":353,"column":4},"end":{"line":362,"column":5}},"138":{"start":{"line":355,"column":27},"end":{"line":355,"column":68}},"139":{"start":{"line":356,"column":20},"end":{"line":356,"column":57}},"140":{"start":{"line":357,"column":6},"end":{"line":357,"column":50}},"141":{"start":{"line":359,"column":6},"end":{"line":361,"column":7}},"142":{"start":{"line":360,"column":8},"end":{"line":360,"column":20}},"143":{"start":{"line":364,"column":4},"end":{"line":364,"column":17}},"144":{"start":{"line":28,"column":0},"end":{"line":28,"column":13}}},"fnMap":{"0":{"name":"(anonymous_0)","decl":{"start":{"line":32,"column":2},"end":{"line":32,"column":8}},"loc":{"start":{"line":37,"column":34},"end":{"line":112,"column":3}}},"1":{"name":"(anonymous_1)","decl":{"start":{"line":117,"column":10},"end":{"line":117,"column":16}},"loc":{"start":{"line":120,"column":16},"end":{"line":152,"column":3}}},"2":{"name":"(anonymous_2)","decl":{"start":{"line":158,"column":10},"end":{"line":158,"column":16}},"loc":{"start":{"line":163,"column":22},"end":{"line":238,"column":3}}},"3":{"name":"(anonymous_3)","decl":{"start":{"line":243,"column":2},"end":{"line":243,"column":8}},"loc":{"start":{"line":247,"column":16},"end":{"line":272,"column":3}}},"4":{"name":"(anonymous_4)","decl":{"start":{"line":277,"column":10},"end":{"line":277,"column":16}},"loc":{"start":{"line":277,"column":39},"end":{"line":279,"column":3}}},"5":{"name":"(anonymous_5)","decl":{"start":{"line":278,"column":21},"end":{"line":278,"column":24}},"loc":{"start":{"line":278,"column":28},"end":{"line":278,"column":73}}},"6":{"name":"(anonymous_6)","decl":{"start":{"line":278,"column":36},"end":{"line":278,"column":41}},"loc":{"start":{"line":278,"column":45},"end":{"line":278,"column":72}}},"7":{"name":"(anonymous_7)","decl":{"start":{"line":284,"column":10},"end":{"line":284,"column":16}},"loc":{"start":{"line":284,"column":49},"end":{"line":295,"column":3}}},"8":{"name":"(anonymous_8)","decl":{"start":{"line":300,"column":10},"end":{"line":300,"column":16}},"loc":{"start":{"line":300,"column":54},"end":{"line":302,"column":3}}},"9":{"name":"(anonymous_9)","decl":{"start":{"line":307,"column":2},"end":{"line":307,"column":8}},"loc":{"start":{"line":307,"column":45},"end":{"line":345,"column":3}}},"10":{"name":"(anonymous_10)","decl":{"start":{"line":333,"column":41},"end":{"line":333,"column":42}},"loc":{"start":{"line":333,"column":46},"end":{"line":333,"column":71}}},"11":{"name":"(anonymous_11)","decl":{"start":{"line":350,"column":2},"end":{"line":350,"column":8}},"loc":{"start":{"line":350,"column":56},"end":{"line":365,"column":3}}}},"branchMap":{"0":{"loc":{"start":{"line":47,"column":4},"end":{"line":49,"column":5}},"type":"if","locations":[{"start":{"line":47,"column":4},"end":{"line":49,"column":5}}]},"1":{"loc":{"start":{"line":47,"column":8},"end":{"line":47,"column":20}},"type":"binary-expr","locations":[{"start":{"line":47,"column":8},"end":{"line":47,"column":13}},{"start":{"line":47,"column":17},"end":{"line":47,"column":20}}]},"2":{"loc":{"start":{"line":52,"column":4},"end":{"line":54,"column":5}},"type":"if","locations":[{"start":{"line":52,"column":4},"end":{"line":54,"column":5}}]},"3":{"loc":{"start":{"line":52,"column":8},"end":{"line":52,"column":45}},"type":"binary-expr","locations":[{"start":{"line":52,"column":8},"end":{"line":52,"column":14}},{"start":{"line":52,"column":18},"end":{"line":52,"column":45}}]},"4":{"loc":{"start":{"line":57,"column":4},"end":{"line":59,"column":5}},"type":"if","locations":[{"start":{"line":57,"column":4},"end":{"line":59,"column":5}}]},"5":{"loc":{"start":{"line":63,"column":4},"end":{"line":65,"column":5}},"type":"if","locations":[{"start":{"line":63,"column":4},"end":{"line":65,"column":5}}]},"6":{"loc":{"start":{"line":72,"column":4},"end":{"line":79,"column":5}},"type":"if","locations":[{"start":{"line":72,"column":4},"end":{"line":79,"column":5}}]},"7":{"loc":{"start":{"line":75,"column":6},"end":{"line":78,"column":7}},"type":"if","locations":[{"start":{"line":75,"column":6},"end":{"line":78,"column":7}}]},"8":{"loc":{"start":{"line":82,"column":4},"end":{"line":85,"column":5}},"type":"if","locations":[{"start":{"line":82,"column":4},"end":{"line":85,"column":5}}]},"9":{"loc":{"start":{"line":88,"column":4},"end":{"line":91,"column":5}},"type":"if","locations":[{"start":{"line":88,"column":4},"end":{"line":91,"column":5}}]},"10":{"loc":{"start":{"line":88,"column":8},"end":{"line":88,"column":58}},"type":"binary-expr","locations":[{"start":{"line":88,"column":8},"end":{"line":88,"column":34}},{"start":{"line":88,"column":38},"end":{"line":88,"column":58}}]},"11":{"loc":{"start":{"line":103,"column":4},"end":{"line":108,"column":5}},"type":"if","locations":[{"start":{"line":103,"column":4},"end":{"line":108,"column":5}},{"start":{"line":106,"column":11},"end":{"line":108,"column":5}}]},"12":{"loc":{"start":{"line":103,"column":8},"end":{"line":103,"column":74}},"type":"binary-expr","locations":[{"start":{"line":103,"column":8},"end":{"line":103,"column":37}},{"start":{"line":103,"column":41},"end":{"line":103,"column":74}}]},"13":{"loc":{"start":{"line":127,"column":16},"end":{"line":127,"column":45}},"type":"cond-expr","locations":[{"start":{"line":127,"column":40},"end":{"line":127,"column":41}},{"start":{"line":127,"column":44},"end":{"line":127,"column":45}}]},"14":{"loc":{"start":{"line":130,"column":4},"end":{"line":144,"column":5}},"type":"if","locations":[{"start":{"line":130,"column":4},"end":{"line":144,"column":5}},{"start":{"line":137,"column":11},"end":{"line":144,"column":5}}]},"15":{"loc":{"start":{"line":147,"column":34},"end":{"line":149,"column":30}},"type":"cond-expr","locations":[{"start":{"line":148,"column":8},"end":{"line":148,"column":30}},{"start":{"line":149,"column":8},"end":{"line":149,"column":30}}]},"16":{"loc":{"start":{"line":169,"column":4},"end":{"line":183,"column":5}},"type":"if","locations":[{"start":{"line":169,"column":4},"end":{"line":183,"column":5}}]},"17":{"loc":{"start":{"line":170,"column":6},"end":{"line":182,"column":7}},"type":"if","locations":[{"start":{"line":170,"column":6},"end":{"line":182,"column":7}},{"start":{"line":176,"column":13},"end":{"line":182,"column":7}}]},"18":{"loc":{"start":{"line":171,"column":8},"end":{"line":175,"column":9}},"type":"if","locations":[{"start":{"line":171,"column":8},"end":{"line":175,"column":9}}]},"19":{"loc":{"start":{"line":171,"column":12},"end":{"line":171,"column":46}},"type":"binary-expr","locations":[{"start":{"line":171,"column":12},"end":{"line":171,"column":27}},{"start":{"line":171,"column":31},"end":{"line":171,"column":46}}]},"20":{"loc":{"start":{"line":177,"column":8},"end":{"line":181,"column":9}},"type":"if","locations":[{"start":{"line":177,"column":8},"end":{"line":181,"column":9}}]},"21":{"loc":{"start":{"line":177,"column":12},"end":{"line":177,"column":46}},"type":"binary-expr","locations":[{"start":{"line":177,"column":12},"end":{"line":177,"column":27}},{"start":{"line":177,"column":31},"end":{"line":177,"column":46}}]},"22":{"loc":{"start":{"line":186,"column":4},"end":{"line":208,"column":5}},"type":"if","locations":[{"start":{"line":186,"column":4},"end":{"line":208,"column":5}}]},"23":{"loc":{"start":{"line":187,"column":6},"end":{"line":207,"column":7}},"type":"if","locations":[{"start":{"line":187,"column":6},"end":{"line":207,"column":7}},{"start":{"line":197,"column":13},"end":{"line":207,"column":7}}]},"24":{"loc":{"start":{"line":188,"column":8},"end":{"line":196,"column":9}},"type":"if","locations":[{"start":{"line":188,"column":8},"end":{"line":196,"column":9}}]},"25":{"loc":{"start":{"line":189,"column":10},"end":{"line":195,"column":11}},"type":"if","locations":[{"start":{"line":189,"column":10},"end":{"line":195,"column":11}},{"start":{"line":192,"column":17},"end":{"line":195,"column":11}}]},"26":{"loc":{"start":{"line":189,"column":14},"end":{"line":189,"column":47}},"type":"binary-expr","locations":[{"start":{"line":189,"column":14},"end":{"line":189,"column":28}},{"start":{"line":189,"column":32},"end":{"line":189,"column":47}}]},"27":{"loc":{"start":{"line":192,"column":17},"end":{"line":195,"column":11}},"type":"if","locations":[{"start":{"line":192,"column":17},"end":{"line":195,"column":11}}]},"28":{"loc":{"start":{"line":192,"column":21},"end":{"line":192,"column":54}},"type":"binary-expr","locations":[{"start":{"line":192,"column":21},"end":{"line":192,"column":35}},{"start":{"line":192,"column":39},"end":{"line":192,"column":54}}]},"29":{"loc":{"start":{"line":198,"column":8},"end":{"line":206,"column":9}},"type":"if","locations":[{"start":{"line":198,"column":8},"end":{"line":206,"column":9}}]},"30":{"loc":{"start":{"line":199,"column":10},"end":{"line":205,"column":11}},"type":"if","locations":[{"start":{"line":199,"column":10},"end":{"line":205,"column":11}},{"start":{"line":202,"column":17},"end":{"line":205,"column":11}}]},"31":{"loc":{"start":{"line":199,"column":14},"end":{"line":199,"column":47}},"type":"binary-expr","locations":[{"start":{"line":199,"column":14},"end":{"line":199,"column":28}},{"start":{"line":199,"column":32},"end":{"line":199,"column":47}}]},"32":{"loc":{"start":{"line":202,"column":17},"end":{"line":205,"column":11}},"type":"if","locations":[{"start":{"line":202,"column":17},"end":{"line":205,"column":11}}]},"33":{"loc":{"start":{"line":202,"column":21},"end":{"line":202,"column":54}},"type":"binary-expr","locations":[{"start":{"line":202,"column":21},"end":{"line":202,"column":35}},{"start":{"line":202,"column":39},"end":{"line":202,"column":54}}]},"34":{"loc":{"start":{"line":212,"column":4},"end":{"line":235,"column":5}},"type":"if","locations":[{"start":{"line":212,"column":4},"end":{"line":235,"column":5}}]},"35":{"loc":{"start":{"line":212,"column":8},"end":{"line":212,"column":62}},"type":"binary-expr","locations":[{"start":{"line":212,"column":8},"end":{"line":212,"column":21}},{"start":{"line":212,"column":25},"end":{"line":212,"column":62}}]},"36":{"loc":{"start":{"line":213,"column":28},"end":{"line":213,"column":83}},"type":"cond-expr","locations":[{"start":{"line":213,"column":58},"end":{"line":213,"column":69}},{"start":{"line":213,"column":72},"end":{"line":213,"column":83}}]},"37":{"loc":{"start":{"line":214,"column":6},"end":{"line":234,"column":7}},"type":"if","locations":[{"start":{"line":214,"column":6},"end":{"line":234,"column":7}},{"start":{"line":224,"column":13},"end":{"line":234,"column":7}}]},"38":{"loc":{"start":{"line":215,"column":8},"end":{"line":223,"column":9}},"type":"if","locations":[{"start":{"line":215,"column":8},"end":{"line":223,"column":9}}]},"39":{"loc":{"start":{"line":216,"column":10},"end":{"line":222,"column":11}},"type":"if","locations":[{"start":{"line":216,"column":10},"end":{"line":222,"column":11}},{"start":{"line":219,"column":17},"end":{"line":222,"column":11}}]},"40":{"loc":{"start":{"line":216,"column":14},"end":{"line":216,"column":45}},"type":"binary-expr","locations":[{"start":{"line":216,"column":14},"end":{"line":216,"column":26}},{"start":{"line":216,"column":30},"end":{"line":216,"column":45}}]},"41":{"loc":{"start":{"line":219,"column":17},"end":{"line":222,"column":11}},"type":"if","locations":[{"start":{"line":219,"column":17},"end":{"line":222,"column":11}}]},"42":{"loc":{"start":{"line":219,"column":21},"end":{"line":219,"column":52}},"type":"binary-expr","locations":[{"start":{"line":219,"column":21},"end":{"line":219,"column":33}},{"start":{"line":219,"column":37},"end":{"line":219,"column":52}}]},"43":{"loc":{"start":{"line":225,"column":8},"end":{"line":233,"column":9}},"type":"if","locations":[{"start":{"line":225,"column":8},"end":{"line":233,"column":9}}]},"44":{"loc":{"start":{"line":226,"column":10},"end":{"line":232,"column":11}},"type":"if","locations":[{"start":{"line":226,"column":10},"end":{"line":232,"column":11}},{"start":{"line":229,"column":17},"end":{"line":232,"column":11}}]},"45":{"loc":{"start":{"line":226,"column":14},"end":{"line":226,"column":45}},"type":"binary-expr","locations":[{"start":{"line":226,"column":14},"end":{"line":226,"column":26}},{"start":{"line":226,"column":30},"end":{"line":226,"column":45}}]},"46":{"loc":{"start":{"line":229,"column":17},"end":{"line":232,"column":11}},"type":"if","locations":[{"start":{"line":229,"column":17},"end":{"line":232,"column":11}}]},"47":{"loc":{"start":{"line":229,"column":21},"end":{"line":229,"column":52}},"type":"binary-expr","locations":[{"start":{"line":229,"column":21},"end":{"line":229,"column":33}},{"start":{"line":229,"column":37},"end":{"line":229,"column":52}}]},"48":{"loc":{"start":{"line":237,"column":11},"end":{"line":237,"column":43}},"type":"cond-expr","locations":[{"start":{"line":237,"column":24},"end":{"line":237,"column":31}},{"start":{"line":237,"column":34},"end":{"line":237,"column":43}}]},"49":{"loc":{"start":{"line":255,"column":4},"end":{"line":257,"column":5}},"type":"if","locations":[{"start":{"line":255,"column":4},"end":{"line":257,"column":5}}]},"50":{"loc":{"start":{"line":260,"column":4},"end":{"line":262,"column":5}},"type":"if","locations":[{"start":{"line":260,"column":4},"end":{"line":262,"column":5}}]},"51":{"loc":{"start":{"line":278,"column":45},"end":{"line":278,"column":72}},"type":"cond-expr","locations":[{"start":{"line":278,"column":53},"end":{"line":278,"column":65}},{"start":{"line":278,"column":68},"end":{"line":278,"column":72}}]},"52":{"loc":{"start":{"line":285,"column":4},"end":{"line":285,"column":41}},"type":"if","locations":[{"start":{"line":285,"column":4},"end":{"line":285,"column":41}}]},"53":{"loc":{"start":{"line":290,"column":4},"end":{"line":292,"column":5}},"type":"if","locations":[{"start":{"line":290,"column":4},"end":{"line":292,"column":5}}]},"54":{"loc":{"start":{"line":290,"column":8},"end":{"line":290,"column":48}},"type":"binary-expr","locations":[{"start":{"line":290,"column":8},"end":{"line":290,"column":15}},{"start":{"line":290,"column":19},"end":{"line":290,"column":26}},{"start":{"line":290,"column":30},"end":{"line":290,"column":37}},{"start":{"line":290,"column":41},"end":{"line":290,"column":48}}]},"55":{"loc":{"start":{"line":317,"column":8},"end":{"line":320,"column":9}},"type":"if","locations":[{"start":{"line":317,"column":8},"end":{"line":320,"column":9}}]},"56":{"loc":{"start":{"line":318,"column":27},"end":{"line":318,"column":74}},"type":"cond-expr","locations":[{"start":{"line":318,"column":57},"end":{"line":318,"column":64}},{"start":{"line":318,"column":67},"end":{"line":318,"column":74}}]},"57":{"loc":{"start":{"line":329,"column":6},"end":{"line":329,"column":45}},"type":"if","locations":[{"start":{"line":329,"column":6},"end":{"line":329,"column":45}}]},"58":{"loc":{"start":{"line":332,"column":6},"end":{"line":337,"column":7}},"type":"if","locations":[{"start":{"line":332,"column":6},"end":{"line":337,"column":7}}]},"59":{"loc":{"start":{"line":334,"column":8},"end":{"line":336,"column":9}},"type":"if","locations":[{"start":{"line":334,"column":8},"end":{"line":336,"column":9}}]},"60":{"loc":{"start":{"line":334,"column":12},"end":{"line":334,"column":95}},"type":"binary-expr","locations":[{"start":{"line":334,"column":12},"end":{"line":334,"column":19}},{"start":{"line":334,"column":24},"end":{"line":334,"column":57}},{"start":{"line":334,"column":61},"end":{"line":334,"column":94}}]},"61":{"loc":{"start":{"line":356,"column":20},"end":{"line":356,"column":57}},"type":"binary-expr","locations":[{"start":{"line":356,"column":20},"end":{"line":356,"column":52}},{"start":{"line":356,"column":56},"end":{"line":356,"column":57}}]},"62":{"loc":{"start":{"line":359,"column":6},"end":{"line":361,"column":7}},"type":"if","locations":[{"start":{"line":359,"column":6},"end":{"line":361,"column":7}}]}},"s":{"0":0,"1":0,"2":0,"3":0,"4":0,"5":0,"6":0,"7":0,"8":0,"9":0,"10":0,"11":0,"12":0,"13":0,"14":0,"15":0,"16":0,"17":0,"18":0,"19":0,"20":0,"21":0,"22":0,"23":0,"24":0,"25":0,"26":0,"27":0,"28":0,"29":0,"30":0,"31":0,"32":0,"33":0,"34":0,"35":0,"36":0,"37":0,"38":0,"39":0,"40":0,"41":0,"42":0,"43":0,"44":0,"45":0,"46":0,"47":0,"48":0,"49":0,"50":0,"51":0,"52":0,"53":0,"54":0,"55":0,"56":0,"57":0,"58":0,"59":0,"60":0,"61":0,"62":0,"63":0,"64":0,"65":0,"66":0,"67":0,"68":0,"69":0,"70":0,"71":0,"72":0,"73":0,"74":0,"75":0,"76":0,"77":0,"78":0,"79":0,"80":0,"81":0,"82":0,"83":0,"84":0,"85":0,"86":0,"87":0,"88":0,"89":0,"90":0,"91":0,"92":0,"93":0,"94":0,"95":0,"96":0,"97":0,"98":0,"99":0,"100":0,"101":0,"102":0,"103":0,"104":0,"105":0,"106":0,"107":0,"108":0,"109":0,"110":0,"111":0,"112":0,"113":0,"114":0,"115":0,"116":0,"117":0,"118":0,"119":0,"120":0,"121":0,"122":0,"123":0,"124":0,"125":0,"126":0,"127":0,"128":0,"129":0,"130":0,"131":0,"132":0,"133":0,"134":0,"135":0,"136":0,"137":0,"138":0,"139":0,"140":0,"141":0,"142":0,"143":0,"144":0},"f":{"0":0,"1":0,"2":0,"3":0,"4":0,"5":0,"6":0,"7":0,"8":0,"9":0,"10":0,"11":0},"b":{"0":[0],"1":[0,0],"2":[0],"3":[0,0],"4":[0],"5":[0],"6":[0],"7":[0],"8":[0],"9":[0],"10":[0,0],"11":[0,0],"12":[0,0],"13":[0,0],"14":[0,0],"15":[0,0],"16":[0],"17":[0,0],"18":[0],"19":[0,0],"20":[0],"21":[0,0],"22":[0],"23":[0,0],"24":[0],"25":[0,0],"26":[0,0],"27":[0],"28":[0,0],"29":[0],"30":[0,0],"31":[0,0],"32":[0],"33":[0,0],"34":[0],"35":[0,0],"36":[0,0],"37":[0,0],"38":[0],"39":[0,0],"40":[0,0],"41":[0],"42":[0,0],"43":[0],"44":[0,0],"45":[0,0],"46":[0],"47":[0,0],"48":[0,0],"49":[0],"50":[0],"51":[0,0],"52":[0],"53":[0],"54":[0,0,0,0],"55":[0],"56":[0,0],"57":[0],"58":[0],"59":[0],"60":[0,0,0],"61":[0,0],"62":[0]}}
,"/Users/carsonday/IdeaProjects/Simple-FICS-Interface/packages/shared/src/services/ChessEngine.moveGeneration.ts": {"path":"/Users/carsonday/IdeaProjects/Simple-FICS-Interface/packages/shared/src/services/ChessEngine.moveGeneration.ts","statementMap":{"0":{"start":{"line":5,"column":0},"end":{"line":5,"column":null}},"1":{"start":{"line":45,"column":4},"end":{"line":60,"column":5}},"2":{"start":{"line":47,"column":8},"end":{"line":47,"column":60}},"3":{"start":{"line":49,"column":8},"end":{"line":49,"column":62}},"4":{"start":{"line":51,"column":8},"end":{"line":51,"column":62}},"5":{"start":{"line":53,"column":8},"end":{"line":53,"column":60}},"6":{"start":{"line":55,"column":8},"end":{"line":55,"column":61}},"7":{"start":{"line":57,"column":8},"end":{"line":57,"column":60}},"8":{"start":{"line":59,"column":8},"end":{"line":59,"column":18}},"9":{"start":{"line":71,"column":32},"end":{"line":71,"column":34}},"10":{"start":{"line":72,"column":22},"end":{"line":72,"column":58}},"11":{"start":{"line":73,"column":22},"end":{"line":73,"column":57}},"12":{"start":{"line":74,"column":26},"end":{"line":74,"column":61}},"13":{"start":{"line":77,"column":29},"end":{"line":77,"column":73}},"14":{"start":{"line":78,"column":4},"end":{"line":105,"column":5}},"15":{"start":{"line":79,"column":6},"end":{"line":104,"column":7}},"16":{"start":{"line":81,"column":8},"end":{"line":87,"column":11}},"17":{"start":{"line":82,"column":10},"end":{"line":86,"column":13}},"18":{"start":{"line":89,"column":8},"end":{"line":92,"column":11}},"19":{"start":{"line":95,"column":8},"end":{"line":103,"column":9}},"20":{"start":{"line":96,"column":36},"end":{"line":96,"column":86}},"21":{"start":{"line":97,"column":10},"end":{"line":102,"column":11}},"22":{"start":{"line":98,"column":12},"end":{"line":101,"column":15}},"23":{"start":{"line":108,"column":4},"end":{"line":142,"column":7}},"24":{"start":{"line":109,"column":28},"end":{"line":109,"column":84}},"25":{"start":{"line":110,"column":6},"end":{"line":141,"column":7}},"26":{"start":{"line":111,"column":28},"end":{"line":111,"column":79}},"27":{"start":{"line":112,"column":8},"end":{"line":128,"column":9}},"28":{"start":{"line":113,"column":10},"end":{"line":127,"column":11}},"29":{"start":{"line":115,"column":12},"end":{"line":121,"column":15}},"30":{"start":{"line":116,"column":14},"end":{"line":120,"column":17}},"31":{"start":{"line":123,"column":12},"end":{"line":126,"column":15}},"32":{"start":{"line":131,"column":8},"end":{"line":140,"column":9}},"33":{"start":{"line":132,"column":34},"end":{"line":132,"column":71}},"34":{"start":{"line":133,"column":10},"end":{"line":139,"column":11}},"35":{"start":{"line":134,"column":12},"end":{"line":138,"column":15}},"36":{"start":{"line":144,"column":4},"end":{"line":144,"column":17}},"37":{"start":{"line":155,"column":4},"end":{"line":155,"column":89}},"38":{"start":{"line":166,"column":46},"end":{"line":169,"column":6}},"39":{"start":{"line":170,"column":4},"end":{"line":170,"column":86}},"40":{"start":{"line":181,"column":46},"end":{"line":184,"column":6}},"41":{"start":{"line":185,"column":4},"end":{"line":185,"column":86}},"42":{"start":{"line":197,"column":4},"end":{"line":200,"column":6}},"43":{"start":{"line":211,"column":18},"end":{"line":211,"column":93}},"44":{"start":{"line":214,"column":4},"end":{"line":216,"column":5}},"45":{"start":{"line":215,"column":6},"end":{"line":215,"column":70}},"46":{"start":{"line":218,"column":4},"end":{"line":218,"column":17}},"47":{"start":{"line":229,"column":32},"end":{"line":229,"column":34}},"48":{"start":{"line":232,"column":4},"end":{"line":264,"column":5}},"49":{"start":{"line":234,"column":6},"end":{"line":240,"column":7}},"50":{"start":{"line":235,"column":8},"end":{"line":239,"column":11}},"51":{"start":{"line":241,"column":6},"end":{"line":247,"column":7}},"52":{"start":{"line":242,"column":8},"end":{"line":246,"column":11}},"53":{"start":{"line":248,"column":11},"end":{"line":264,"column":5}},"54":{"start":{"line":250,"column":6},"end":{"line":256,"column":7}},"55":{"start":{"line":251,"column":8},"end":{"line":255,"column":11}},"56":{"start":{"line":257,"column":6},"end":{"line":263,"column":7}},"57":{"start":{"line":258,"column":8},"end":{"line":262,"column":11}},"58":{"start":{"line":266,"column":4},"end":{"line":266,"column":17}},"59":{"start":{"line":273,"column":16},"end":{"line":273,"column":45}},"60":{"start":{"line":276,"column":4},"end":{"line":279,"column":50}},"61":{"start":{"line":286,"column":16},"end":{"line":286,"column":45}},"62":{"start":{"line":289,"column":4},"end":{"line":292,"column":50}},"63":{"start":{"line":305,"column":32},"end":{"line":305,"column":34}},"64":{"start":{"line":307,"column":4},"end":{"line":335,"column":5}},"65":{"start":{"line":308,"column":20},"end":{"line":308,"column":78}},"66":{"start":{"line":310,"column":6},"end":{"line":334,"column":7}},"67":{"start":{"line":311,"column":28},"end":{"line":311,"column":67}},"68":{"start":{"line":313,"column":8},"end":{"line":329,"column":9}},"69":{"start":{"line":315,"column":10},"end":{"line":318,"column":13}},"70":{"start":{"line":319,"column":15},"end":{"line":329,"column":9}},"71":{"start":{"line":321,"column":10},"end":{"line":324,"column":13}},"72":{"start":{"line":325,"column":10},"end":{"line":325,"column":16}},"73":{"start":{"line":328,"column":10},"end":{"line":328,"column":16}},"74":{"start":{"line":331,"column":8},"end":{"line":331,"column":28}},"75":{"start":{"line":331,"column":22},"end":{"line":331,"column":28}},"76":{"start":{"line":333,"column":8},"end":{"line":333,"column":83}},"77":{"start":{"line":337,"column":4},"end":{"line":337,"column":17}},"78":{"start":{"line":344,"column":4},"end":{"line":344,"column":82}},"79":{"start":{"line":351,"column":4},"end":{"line":351,"column":82}},"80":{"start":{"line":20,"column":0},"end":{"line":20,"column":13}},"81":{"start":{"line":22,"column":26},"end":{"line":27,"column":4}},"82":{"start":{"line":30,"column":26},"end":{"line":35,"column":4}}},"fnMap":{"0":{"name":"(anonymous_0)","decl":{"start":{"line":40,"column":2},"end":{"line":40,"column":8}},"loc":{"start":{"line":43,"column":16},"end":{"line":61,"column":3}}},"1":{"name":"(anonymous_1)","decl":{"start":{"line":66,"column":10},"end":{"line":66,"column":16}},"loc":{"start":{"line":69,"column":16},"end":{"line":145,"column":3}}},"2":{"name":"(anonymous_2)","decl":{"start":{"line":81,"column":86},"end":{"line":81,"column":91}},"loc":{"start":{"line":81,"column":94},"end":{"line":87,"column":9}}},"3":{"name":"(anonymous_3)","decl":{"start":{"line":108,"column":20},"end":{"line":108,"column":29}},"loc":{"start":{"line":108,"column":32},"end":{"line":142,"column":5}}},"4":{"name":"(anonymous_4)","decl":{"start":{"line":115,"column":90},"end":{"line":115,"column":95}},"loc":{"start":{"line":115,"column":98},"end":{"line":121,"column":13}}},"5":{"name":"(anonymous_5)","decl":{"start":{"line":150,"column":10},"end":{"line":150,"column":16}},"loc":{"start":{"line":153,"column":16},"end":{"line":156,"column":3}}},"6":{"name":"(anonymous_6)","decl":{"start":{"line":161,"column":10},"end":{"line":161,"column":16}},"loc":{"start":{"line":164,"column":16},"end":{"line":171,"column":3}}},"7":{"name":"(anonymous_7)","decl":{"start":{"line":176,"column":10},"end":{"line":176,"column":16}},"loc":{"start":{"line":179,"column":16},"end":{"line":186,"column":3}}},"8":{"name":"(anonymous_8)","decl":{"start":{"line":191,"column":10},"end":{"line":191,"column":16}},"loc":{"start":{"line":194,"column":16},"end":{"line":201,"column":3}}},"9":{"name":"(anonymous_9)","decl":{"start":{"line":206,"column":10},"end":{"line":206,"column":16}},"loc":{"start":{"line":209,"column":16},"end":{"line":219,"column":3}}},"10":{"name":"(anonymous_10)","decl":{"start":{"line":224,"column":10},"end":{"line":224,"column":16}},"loc":{"start":{"line":227,"column":16},"end":{"line":267,"column":3}}},"11":{"name":"(anonymous_11)","decl":{"start":{"line":272,"column":10},"end":{"line":272,"column":16}},"loc":{"start":{"line":272,"column":79},"end":{"line":280,"column":3}}},"12":{"name":"(anonymous_12)","decl":{"start":{"line":285,"column":10},"end":{"line":285,"column":16}},"loc":{"start":{"line":285,"column":80},"end":{"line":293,"column":3}}},"13":{"name":"(anonymous_13)","decl":{"start":{"line":298,"column":10},"end":{"line":298,"column":16}},"loc":{"start":{"line":303,"column":20},"end":{"line":338,"column":3}}},"14":{"name":"(anonymous_14)","decl":{"start":{"line":343,"column":10},"end":{"line":343,"column":16}},"loc":{"start":{"line":343,"column":50},"end":{"line":345,"column":3}}},"15":{"name":"(anonymous_15)","decl":{"start":{"line":350,"column":10},"end":{"line":350,"column":16}},"loc":{"start":{"line":350,"column":54},"end":{"line":352,"column":3}}}},"branchMap":{"0":{"loc":{"start":{"line":45,"column":4},"end":{"line":60,"column":5}},"type":"switch","locations":[{"start":{"line":46,"column":6},"end":{"line":47,"column":60}},{"start":{"line":48,"column":6},"end":{"line":49,"column":62}},{"start":{"line":50,"column":6},"end":{"line":51,"column":62}},{"start":{"line":52,"column":6},"end":{"line":53,"column":60}},{"start":{"line":54,"column":6},"end":{"line":55,"column":61}},{"start":{"line":56,"column":6},"end":{"line":57,"column":60}},{"start":{"line":58,"column":6},"end":{"line":59,"column":18}}]},"1":{"loc":{"start":{"line":72,"column":22},"end":{"line":72,"column":58}},"type":"cond-expr","locations":[{"start":{"line":72,"column":52},"end":{"line":72,"column":53}},{"start":{"line":72,"column":56},"end":{"line":72,"column":58}}]},"2":{"loc":{"start":{"line":73,"column":22},"end":{"line":73,"column":57}},"type":"cond-expr","locations":[{"start":{"line":73,"column":52},"end":{"line":73,"column":53}},{"start":{"line":73,"column":56},"end":{"line":73,"column":57}}]},"3":{"loc":{"start":{"line":74,"column":26},"end":{"line":74,"column":61}},"type":"cond-expr","locations":[{"start":{"line":74,"column":56},"end":{"line":74,"column":57}},{"start":{"line":74,"column":60},"end":{"line":74,"column":61}}]},"4":{"loc":{"start":{"line":78,"column":4},"end":{"line":105,"column":5}},"type":"if","locations":[{"start":{"line":78,"column":4},"end":{"line":105,"column":5}}]},"5":{"loc":{"start":{"line":78,"column":8},"end":{"line":78,"column":106}},"type":"binary-expr","locations":[{"start":{"line":78,"column":8},"end":{"line":78,"column":44}},{"start":{"line":78,"column":48},"end":{"line":78,"column":106}}]},"6":{"loc":{"start":{"line":79,"column":6},"end":{"line":104,"column":7}},"type":"if","locations":[{"start":{"line":79,"column":6},"end":{"line":104,"column":7}},{"start":{"line":88,"column":13},"end":{"line":104,"column":7}}]},"7":{"loc":{"start":{"line":95,"column":8},"end":{"line":103,"column":9}},"type":"if","locations":[{"start":{"line":95,"column":8},"end":{"line":103,"column":9}}]},"8":{"loc":{"start":{"line":97,"column":10},"end":{"line":102,"column":11}},"type":"if","locations":[{"start":{"line":97,"column":10},"end":{"line":102,"column":11}}]},"9":{"loc":{"start":{"line":110,"column":6},"end":{"line":141,"column":7}},"type":"if","locations":[{"start":{"line":110,"column":6},"end":{"line":141,"column":7}}]},"10":{"loc":{"start":{"line":112,"column":8},"end":{"line":128,"column":9}},"type":"if","locations":[{"start":{"line":112,"column":8},"end":{"line":128,"column":9}}]},"11":{"loc":{"start":{"line":112,"column":12},"end":{"line":112,"column":60}},"type":"binary-expr","locations":[{"start":{"line":112,"column":12},"end":{"line":112,"column":23}},{"start":{"line":112,"column":27},"end":{"line":112,"column":60}}]},"12":{"loc":{"start":{"line":113,"column":10},"end":{"line":127,"column":11}},"type":"if","locations":[{"start":{"line":113,"column":10},"end":{"line":127,"column":11}},{"start":{"line":122,"column":17},"end":{"line":127,"column":11}}]},"13":{"loc":{"start":{"line":131,"column":8},"end":{"line":140,"column":9}},"type":"if","locations":[{"start":{"line":131,"column":8},"end":{"line":140,"column":9}}]},"14":{"loc":{"start":{"line":133,"column":10},"end":{"line":139,"column":11}},"type":"if","locations":[{"start":{"line":133,"column":10},"end":{"line":139,"column":11}}]},"15":{"loc":{"start":{"line":214,"column":4},"end":{"line":216,"column":5}},"type":"if","locations":[{"start":{"line":214,"column":4},"end":{"line":216,"column":5}}]},"16":{"loc":{"start":{"line":232,"column":4},"end":{"line":264,"column":5}},"type":"if","locations":[{"start":{"line":232,"column":4},"end":{"line":264,"column":5}},{"start":{"line":248,"column":11},"end":{"line":264,"column":5}}]},"17":{"loc":{"start":{"line":232,"column":8},"end":{"line":232,"column":71}},"type":"binary-expr","locations":[{"start":{"line":232,"column":8},"end":{"line":232,"column":35}},{"start":{"line":232,"column":39},"end":{"line":232,"column":53}},{"start":{"line":232,"column":57},"end":{"line":232,"column":71}}]},"18":{"loc":{"start":{"line":234,"column":6},"end":{"line":240,"column":7}},"type":"if","locations":[{"start":{"line":234,"column":6},"end":{"line":240,"column":7}}]},"19":{"loc":{"start":{"line":234,"column":10},"end":{"line":234,"column":82}},"type":"binary-expr","locations":[{"start":{"line":234,"column":10},"end":{"line":234,"column":34}},{"start":{"line":234,"column":38},"end":{"line":234,"column":82}}]},"20":{"loc":{"start":{"line":241,"column":6},"end":{"line":247,"column":7}},"type":"if","locations":[{"start":{"line":241,"column":6},"end":{"line":247,"column":7}}]},"21":{"loc":{"start":{"line":241,"column":10},"end":{"line":241,"column":83}},"type":"binary-expr","locations":[{"start":{"line":241,"column":10},"end":{"line":241,"column":34}},{"start":{"line":241,"column":38},"end":{"line":241,"column":83}}]},"22":{"loc":{"start":{"line":248,"column":11},"end":{"line":264,"column":5}},"type":"if","locations":[{"start":{"line":248,"column":11},"end":{"line":264,"column":5}}]},"23":{"loc":{"start":{"line":248,"column":15},"end":{"line":248,"column":78}},"type":"binary-expr","locations":[{"start":{"line":248,"column":15},"end":{"line":248,"column":42}},{"start":{"line":248,"column":46},"end":{"line":248,"column":60}},{"start":{"line":248,"column":64},"end":{"line":248,"column":78}}]},"24":{"loc":{"start":{"line":250,"column":6},"end":{"line":256,"column":7}},"type":"if","locations":[{"start":{"line":250,"column":6},"end":{"line":256,"column":7}}]},"25":{"loc":{"start":{"line":250,"column":10},"end":{"line":250,"column":82}},"type":"binary-expr","locations":[{"start":{"line":250,"column":10},"end":{"line":250,"column":34}},{"start":{"line":250,"column":38},"end":{"line":250,"column":82}}]},"26":{"loc":{"start":{"line":257,"column":6},"end":{"line":263,"column":7}},"type":"if","locations":[{"start":{"line":257,"column":6},"end":{"line":263,"column":7}}]},"27":{"loc":{"start":{"line":257,"column":10},"end":{"line":257,"column":83}},"type":"binary-expr","locations":[{"start":{"line":257,"column":10},"end":{"line":257,"column":34}},{"start":{"line":257,"column":38},"end":{"line":257,"column":83}}]},"28":{"loc":{"start":{"line":273,"column":16},"end":{"line":273,"column":45}},"type":"cond-expr","locations":[{"start":{"line":273,"column":40},"end":{"line":273,"column":41}},{"start":{"line":273,"column":44},"end":{"line":273,"column":45}}]},"29":{"loc":{"start":{"line":276,"column":11},"end":{"line":279,"column":49}},"type":"binary-expr","locations":[{"start":{"line":276,"column":11},"end":{"line":276,"column":33}},{"start":{"line":276,"column":37},"end":{"line":276,"column":59}},{"start":{"line":278,"column":11},"end":{"line":278,"column":57}},{"start":{"line":279,"column":11},"end":{"line":279,"column":49}}]},"30":{"loc":{"start":{"line":286,"column":16},"end":{"line":286,"column":45}},"type":"cond-expr","locations":[{"start":{"line":286,"column":40},"end":{"line":286,"column":41}},{"start":{"line":286,"column":44},"end":{"line":286,"column":45}}]},"31":{"loc":{"start":{"line":289,"column":11},"end":{"line":292,"column":49}},"type":"binary-expr","locations":[{"start":{"line":289,"column":11},"end":{"line":289,"column":33}},{"start":{"line":289,"column":37},"end":{"line":289,"column":59}},{"start":{"line":289,"column":63},"end":{"line":289,"column":85}},{"start":{"line":291,"column":11},"end":{"line":291,"column":57}},{"start":{"line":292,"column":11},"end":{"line":292,"column":49}}]},"32":{"loc":{"start":{"line":313,"column":8},"end":{"line":329,"column":9}},"type":"if","locations":[{"start":{"line":313,"column":8},"end":{"line":329,"column":9}},{"start":{"line":319,"column":15},"end":{"line":329,"column":9}}]},"33":{"loc":{"start":{"line":319,"column":15},"end":{"line":329,"column":9}},"type":"if","locations":[{"start":{"line":319,"column":15},"end":{"line":329,"column":9}},{"start":{"line":326,"column":15},"end":{"line":329,"column":9}}]},"34":{"loc":{"start":{"line":331,"column":8},"end":{"line":331,"column":28}},"type":"if","locations":[{"start":{"line":331,"column":8},"end":{"line":331,"column":28}}]},"35":{"loc":{"start":{"line":344,"column":11},"end":{"line":344,"column":81}},"type":"binary-expr","locations":[{"start":{"line":344,"column":11},"end":{"line":344,"column":26}},{"start":{"line":344,"column":30},"end":{"line":344,"column":44}},{"start":{"line":344,"column":48},"end":{"line":344,"column":63}},{"start":{"line":344,"column":67},"end":{"line":344,"column":81}}]}},"s":{"0":0,"1":0,"2":0,"3":0,"4":0,"5":0,"6":0,"7":0,"8":0,"9":0,"10":0,"11":0,"12":0,"13":0,"14":0,"15":0,"16":0,"17":0,"18":0,"19":0,"20":0,"21":0,"22":0,"23":0,"24":0,"25":0,"26":0,"27":0,"28":0,"29":0,"30":0,"31":0,"32":0,"33":0,"34":0,"35":0,"36":0,"37":0,"38":0,"39":0,"40":0,"41":0,"42":0,"43":0,"44":0,"45":0,"46":0,"47":0,"48":0,"49":0,"50":0,"51":0,"52":0,"53":0,"54":0,"55":0,"56":0,"57":0,"58":0,"59":0,"60":0,"61":0,"62":0,"63":0,"64":0,"65":0,"66":0,"67":0,"68":0,"69":0,"70":0,"71":0,"72":0,"73":0,"74":0,"75":0,"76":0,"77":0,"78":0,"79":0,"80":0,"81":0,"82":0},"f":{"0":0,"1":0,"2":0,"3":0,"4":0,"5":0,"6":0,"7":0,"8":0,"9":0,"10":0,"11":0,"12":0,"13":0,"14":0,"15":0},"b":{"0":[0,0,0,0,0,0,0],"1":[0,0],"2":[0,0],"3":[0,0],"4":[0],"5":[0,0],"6":[0,0],"7":[0],"8":[0],"9":[0],"10":[0],"11":[0,0],"12":[0,0],"13":[0],"14":[0],"15":[0],"16":[0,0],"17":[0,0,0],"18":[0],"19":[0,0],"20":[0],"21":[0,0],"22":[0],"23":[0,0,0],"24":[0],"25":[0,0],"26":[0],"27":[0,0],"28":[0,0],"29":[0,0,0,0],"30":[0,0],"31":[0,0,0,0,0],"32":[0,0],"33":[0,0],"34":[0],"35":[0,0,0,0]}}
,"/Users/carsonday/IdeaProjects/Simple-FICS-Interface/packages/shared/src/services/ChessEngine.parser.ts": {"path":"/Users/carsonday/IdeaProjects/Simple-FICS-Interface/packages/shared/src/services/ChessEngine.parser.ts","statementMap":{"0":{"start":{"line":5,"column":0},"end":{"line":5,"column":null}},"1":{"start":{"line":14,"column":0},"end":{"line":14,"column":61}},"2":{"start":{"line":43,"column":4},"end":{"line":43,"column":43}},"3":{"start":{"line":46,"column":26},"end":{"line":46,"column":58}},"4":{"start":{"line":47,"column":4},"end":{"line":49,"column":5}},"5":{"start":{"line":48,"column":6},"end":{"line":48,"column":63}},"6":{"start":{"line":52,"column":22},"end":{"line":52,"column":50}},"7":{"start":{"line":53,"column":4},"end":{"line":55,"column":5}},"8":{"start":{"line":54,"column":6},"end":{"line":54,"column":52}},"9":{"start":{"line":58,"column":19},"end":{"line":58,"column":50}},"10":{"start":{"line":59,"column":4},"end":{"line":61,"column":5}},"11":{"start":{"line":60,"column":6},"end":{"line":60,"column":18}},"12":{"start":{"line":64,"column":4},"end":{"line":64,"column":56}},"13":{"start":{"line":74,"column":23},"end":{"line":74,"column":63}},"14":{"start":{"line":75,"column":16},"end":{"line":75,"column":49}},"15":{"start":{"line":77,"column":4},"end":{"line":86,"column":6}},"16":{"start":{"line":96,"column":22},"end":{"line":96,"column":30}},"17":{"start":{"line":97,"column":19},"end":{"line":97,"column":27}},"18":{"start":{"line":98,"column":22},"end":{"line":98,"column":58}},"19":{"start":{"line":100,"column":4},"end":{"line":109,"column":6}},"20":{"start":{"line":117,"column":24},"end":{"line":117,"column":74}},"21":{"start":{"line":118,"column":4},"end":{"line":118,"column":35}},"22":{"start":{"line":121,"column":23},"end":{"line":121,"column":60}},"23":{"start":{"line":122,"column":4},"end":{"line":131,"column":5}},"24":{"start":{"line":123,"column":6},"end":{"line":130,"column":8}},"25":{"start":{"line":134,"column":22},"end":{"line":134,"column":55}},"26":{"start":{"line":135,"column":4},"end":{"line":144,"column":5}},"27":{"start":{"line":136,"column":6},"end":{"line":143,"column":8}},"28":{"start":{"line":146,"column":4},"end":{"line":146,"column":16}},"29":{"start":{"line":156,"column":4},"end":{"line":156,"column":41}},"30":{"start":{"line":156,"column":24},"end":{"line":156,"column":41}},"31":{"start":{"line":158,"column":53},"end":{"line":158,"column":55}},"32":{"start":{"line":160,"column":4},"end":{"line":162,"column":5}},"33":{"start":{"line":161,"column":6},"end":{"line":161,"column":59}},"34":{"start":{"line":164,"column":4},"end":{"line":166,"column":5}},"35":{"start":{"line":165,"column":6},"end":{"line":165,"column":39}},"36":{"start":{"line":168,"column":4},"end":{"line":168,"column":18}},"37":{"start":{"line":179,"column":26},"end":{"line":182,"column":null}},"38":{"start":{"line":185,"column":4},"end":{"line":187,"column":5}},"39":{"start":{"line":186,"column":6},"end":{"line":186,"column":18}},"40":{"start":{"line":189,"column":4},"end":{"line":191,"column":5}},"41":{"start":{"line":190,"column":6},"end":{"line":190,"column":30}},"42":{"start":{"line":194,"column":4},"end":{"line":213,"column":5}},"43":{"start":{"line":195,"column":23},"end":{"line":208,"column":8}},"44":{"start":{"line":196,"column":21},"end":{"line":196,"column":54}},"45":{"start":{"line":197,"column":8},"end":{"line":197,"column":32}},"46":{"start":{"line":197,"column":19},"end":{"line":197,"column":32}},"47":{"start":{"line":199,"column":8},"end":{"line":201,"column":9}},"48":{"start":{"line":200,"column":10},"end":{"line":200,"column":23}},"49":{"start":{"line":203,"column":8},"end":{"line":205,"column":9}},"50":{"start":{"line":204,"column":10},"end":{"line":204,"column":23}},"51":{"start":{"line":207,"column":8},"end":{"line":207,"column":20}},"52":{"start":{"line":210,"column":6},"end":{"line":212,"column":7}},"53":{"start":{"line":211,"column":8},"end":{"line":211,"column":27}},"54":{"start":{"line":216,"column":4},"end":{"line":216,"column":16}},"55":{"start":{"line":227,"column":26},"end":{"line":227,"column":28}},"56":{"start":{"line":228,"column":21},"end":{"line":228,"column":54}},"57":{"start":{"line":229,"column":4},"end":{"line":229,"column":32}},"58":{"start":{"line":229,"column":19},"end":{"line":229,"column":32}},"59":{"start":{"line":232,"column":4},"end":{"line":279,"column":5}},"60":{"start":{"line":232,"column":19},"end":{"line":232,"column":20}},"61":{"start":{"line":233,"column":6},"end":{"line":278,"column":7}},"62":{"start":{"line":233,"column":21},"end":{"line":233,"column":22}},"63":{"start":{"line":234,"column":22},"end":{"line":234,"column":37}},"64":{"start":{"line":235,"column":8},"end":{"line":237,"column":9}},"65":{"start":{"line":236,"column":10},"end":{"line":236,"column":19}},"66":{"start":{"line":239,"column":21},"end":{"line":239,"column":57}},"67":{"start":{"line":242,"column":8},"end":{"line":277,"column":9}},"68":{"start":{"line":249,"column":32},"end":{"line":249,"column":65}},"69":{"start":{"line":252,"column":28},"end":{"line":252,"column":33}},"70":{"start":{"line":253,"column":10},"end":{"line":263,"column":11}},"71":{"start":{"line":255,"column":33},"end":{"line":255,"column":66}},"72":{"start":{"line":256,"column":12},"end":{"line":262,"column":13}},"73":{"start":{"line":258,"column":33},"end":{"line":258,"column":61}},"74":{"start":{"line":259,"column":14},"end":{"line":261,"column":15}},"75":{"start":{"line":260,"column":16},"end":{"line":260,"column":35}},"76":{"start":{"line":265,"column":23},"end":{"line":273,"column":null}},"77":{"start":{"line":276,"column":10},"end":{"line":276,"column":27}},"78":{"start":{"line":281,"column":4},"end":{"line":281,"column":17}},"79":{"start":{"line":295,"column":20},"end":{"line":301,"column":6}},"80":{"start":{"line":303,"column":26},"end":{"line":303,"column":80}},"81":{"start":{"line":304,"column":21},"end":{"line":304,"column":47}},"82":{"start":{"line":306,"column":4},"end":{"line":313,"column":7}},"83":{"start":{"line":307,"column":6},"end":{"line":307,"column":45}},"84":{"start":{"line":307,"column":32},"end":{"line":307,"column":45}},"85":{"start":{"line":309,"column":26},"end":{"line":309,"column":47}},"86":{"start":{"line":310,"column":28},"end":{"line":310,"column":48}},"87":{"start":{"line":312,"column":6},"end":{"line":312,"column":41}},"88":{"start":{"line":325,"column":14},"end":{"line":325,"column":16}},"89":{"start":{"line":327,"column":4},"end":{"line":329,"column":5}},"90":{"start":{"line":328,"column":6},"end":{"line":328,"column":27}},"91":{"start":{"line":331,"column":4},"end":{"line":331,"column":14}},"92":{"start":{"line":333,"column":4},"end":{"line":335,"column":5}},"93":{"start":{"line":334,"column":6},"end":{"line":334,"column":43}},"94":{"start":{"line":337,"column":4},"end":{"line":337,"column":15}},"95":{"start":{"line":349,"column":14},"end":{"line":349,"column":37}},"96":{"start":{"line":353,"column":4},"end":{"line":355,"column":5}},"97":{"start":{"line":354,"column":6},"end":{"line":354,"column":17}},"98":{"start":{"line":357,"column":4},"end":{"line":357,"column":14}},"99":{"start":{"line":359,"column":4},"end":{"line":359,"column":15}},"100":{"start":{"line":366,"column":4},"end":{"line":366,"column":41}},"101":{"start":{"line":366,"column":29},"end":{"line":366,"column":41}},"102":{"start":{"line":368,"column":16},"end":{"line":368,"column":56}},"103":{"start":{"line":369,"column":16},"end":{"line":369,"column":39}},"104":{"start":{"line":371,"column":4},"end":{"line":373,"column":5}},"105":{"start":{"line":372,"column":6},"end":{"line":372,"column":18}},"106":{"start":{"line":375,"column":4},"end":{"line":375,"column":24}},"107":{"start":{"line":382,"column":4},"end":{"line":382,"column":82}},"108":{"start":{"line":27,"column":0},"end":{"line":27,"column":13}},"109":{"start":{"line":29,"column":26},"end":{"line":29,"column":78}},"110":{"start":{"line":30,"column":26},"end":{"line":30,"column":76}},"111":{"start":{"line":31,"column":26},"end":{"line":31,"column":116}},"112":{"start":{"line":32,"column":26},"end":{"line":32,"column":95}}},"fnMap":{"0":{"name":"(anonymous_0)","decl":{"start":{"line":37,"column":2},"end":{"line":37,"column":8}},"loc":{"start":{"line":40,"column":22},"end":{"line":65,"column":3}}},"1":{"name":"(anonymous_1)","decl":{"start":{"line":70,"column":10},"end":{"line":70,"column":16}},"loc":{"start":{"line":72,"column":16},"end":{"line":87,"column":3}}},"2":{"name":"(anonymous_2)","decl":{"start":{"line":92,"column":10},"end":{"line":92,"column":16}},"loc":{"start":{"line":94,"column":16},"end":{"line":110,"column":3}}},"3":{"name":"(anonymous_3)","decl":{"start":{"line":115,"column":10},"end":{"line":115,"column":16}},"loc":{"start":{"line":115,"column":50},"end":{"line":147,"column":3}}},"4":{"name":"(anonymous_4)","decl":{"start":{"line":152,"column":10},"end":{"line":152,"column":16}},"loc":{"start":{"line":154,"column":17},"end":{"line":169,"column":3}}},"5":{"name":"(anonymous_5)","decl":{"start":{"line":174,"column":10},"end":{"line":174,"column":16}},"loc":{"start":{"line":177,"column":22},"end":{"line":217,"column":3}}},"6":{"name":"(an
[...]
"column":24},"end":{"line":243,"column":36}},"78":{"start":{"line":246,"column":4},"end":{"line":264,"column":5}},"79":{"start":{"line":248,"column":6},"end":{"line":254,"column":7}},"80":{"start":{"line":248,"column":21},"end":{"line":248,"column":32}},"81":{"start":{"line":249,"column":22},"end":{"line":249,"column":37}},"82":{"start":{"line":250,"column":8},"end":{"line":253,"column":9}},"83":{"start":{"line":251,"column":10},"end":{"line":251,"column":24}},"84":{"start":{"line":252,"column":10},"end":{"line":252,"column":16}},"85":{"start":{"line":257,"column":6},"end":{"line":263,"column":7}},"86":{"start":{"line":257,"column":21},"end":{"line":257,"column":32}},"87":{"start":{"line":258,"column":22},"end":{"line":258,"column":37}},"88":{"start":{"line":259,"column":8},"end":{"line":262,"column":9}},"89":{"start":{"line":260,"column":10},"end":{"line":260,"column":24}},"90":{"start":{"line":261,"column":10},"end":{"line":261,"column":16}},"91":{"start":{"line":266,"column":4},"end":{"line":266,"column":36}},"92":{"start":{"line":266,"column":24},"end":{"line":266,"column":36}},"93":{"start":{"line":270,"column":22},"end":{"line":270,"column":49}},"94":{"start":{"line":271,"column":22},"end":{"line":271,"column":49}},"95":{"start":{"line":273,"column":4},"end":{"line":278,"column":6}},"96":{"start":{"line":290,"column":4},"end":{"line":307,"column":5}},"97":{"start":{"line":293,"column":8},"end":{"line":293,"column":75}},"98":{"start":{"line":296,"column":8},"end":{"line":296,"column":60}},"99":{"start":{"line":300,"column":8},"end":{"line":305,"column":9}},"100":{"start":{"line":301,"column":10},"end":{"line":304,"column":12}},"101":{"start":{"line":306,"column":8},"end":{"line":306,"column":14}},"102":{"start":{"line":309,"column":4},"end":{"line":309,"column":29}},"103":{"start":{"line":321,"column":24},"end":{"line":321,"column":46}},"104":{"start":{"line":323,"column":4},"end":{"line":334,"column":5}},"105":{"start":{"line":323,"column":19},"end":{"line":323,"column":20}},"106":{"start":{"line":324,"column":6},"end":{"line":333,"column":7}},"107":{"start":{"line":324,"column":21},"end":{"line":324,"column":22}},"108":{"start":{"line":325,"column":22},"end":{"line":325,"column":37}},"109":{"start":{"line":326,"column":8},"end":{"line":332,"column":9}},"110":{"start":{"line":327,"column":10},"end":{"line":331,"column":11}},"111":{"start":{"line":328,"column":12},"end":{"line":328,"column":32}},"112":{"start":{"line":330,"column":12},"end":{"line":330,"column":32}},"113":{"start":{"line":337,"column":4},"end":{"line":339,"column":5}},"114":{"start":{"line":338,"column":6},"end":{"line":338,"column":61}},"115":{"start":{"line":340,"column":4},"end":{"line":342,"column":5}},"116":{"start":{"line":341,"column":6},"end":{"line":341,"column":61}},"117":{"start":{"line":345,"column":4},"end":{"line":350,"column":5}},"118":{"start":{"line":346,"column":6},"end":{"line":349,"column":8}},"119":{"start":{"line":352,"column":4},"end":{"line":352,"column":29}},"120":{"start":{"line":363,"column":26},"end":{"line":363,"column":31}},"121":{"start":{"line":364,"column":26},"end":{"line":364,"column":31}},"122":{"start":{"line":366,"column":4},"end":{"line":377,"column":5}},"123":{"start":{"line":366,"column":19},"end":{"line":366,"column":20}},"124":{"start":{"line":367,"column":6},"end":{"line":376,"column":7}},"125":{"start":{"line":367,"column":21},"end":{"line":367,"column":22}},"126":{"start":{"line":368,"column":22},"end":{"line":368,"column":37}},"127":{"start":{"line":369,"column":8},"end":{"line":375,"column":9}},"128":{"start":{"line":370,"column":10},"end":{"line":374,"column":11}},"129":{"start":{"line":371,"column":12},"end":{"line":371,"column":35}},"130":{"start":{"line":373,"column":12},"end":{"line":373,"column":35}},"131":{"start":{"line":379,"column":4},"end":{"line":381,"column":5}},"132":{"start":{"line":380,"column":6},"end":{"line":380,"column":61}},"133":{"start":{"line":382,"column":4},"end":{"line":384,"column":5}},"134":{"start":{"line":383,"column":6},"end":{"line":383,"column":61}},"135":{"start":{"line":386,"column":4},"end":{"line":386,"column":29}},"136":{"start":{"line":393,"column":4},"end":{"line":393,"column":82}},"137":{"start":{"line":17,"column":0},"end":{"line":17,"column":13}}},"fnMap":{"0":{"name":"(anonymous_0)","decl":{"start":{"line":21,"column":2},"end":{"line":21,"column":8}},"loc":{"start":{"line":24,"column":20},"end":{"line":43,"column":3}}},"1":{"name":"(anonymous_1)","decl":{"start":{"line":48,"column":10},"end":{"line":48,"column":16}},"loc":{"start":{"line":52,"column":20},"end":{"line":80,"column":3}}},"2":{"name":"(anonymous_2)","decl":{"start":{"line":85,"column":2},"end":{"line":85,"column":8}},"loc":{"start":{"line":89,"column":20},"end":{"line":102,"column":3}}},"3":{"name":"(anonymous_3)","decl":{"start":{"line":93,"column":36},"end":{"line":93,"column":40}},"loc":{"start":{"line":93,"column":44},"end":{"line":93,"column":60}}},"4":{"name":"(anonymous_4)","decl":{"start":{"line":107,"column":2},"end":{"line":107,"column":8}},"loc":{"start":{"line":110,"column":20},"end":{"line":130,"column":3}}},"5":{"name":"(anonymous_5)","decl":{"start":{"line":135,"column":2},"end":{"line":135,"column":8}},"loc":{"start":{"line":135,"column":38},"end":{"line":162,"column":3}}},"6":{"name":"(anonymous_6)","decl":{"start":{"line":167,"column":2},"end":{"line":167,"column":8}},"loc":{"start":{"line":171,"column":16},"end":{"line":189,"column":3}}},"7":{"name":"(anonymous_7)","decl":{"start":{"line":194,"column":2},"end":{"line":194,"column":8}},"loc":{"start":{"line":194,"column":37},"end":{"line":206,"column":3}}},"8":{"name":"(anonymous_8)","decl":{"start":{"line":211,"column":2},"end":{"line":211,"column":8}},"loc":{"start":{"line":211,"column":33},"end":{"line":220,"column":3}}},"9":{"name":"(anonymous_9)","decl":{"start":{"line":225,"column":2},"end":{"line":225,"column":8}},"loc":{"start":{"line":228,"column":34},"end":{"line":279,"column":3}}},"10":{"name":"(anonymous_10)","decl":{"start":{"line":284,"column":2},"end":{"line":284,"column":8}},"loc":{"start":{"line":288,"column":26},"end":{"line":310,"column":3}}},"11":{"name":"(anonymous_11)","decl":{"start":{"line":315,"column":10},"end":{"line":315,"column":16}},"loc":{"start":{"line":318,"column":26},"end":{"line":353,"column":3}}},"12":{"name":"(anonymous_12)","decl":{"start":{"line":358,"column":10},"end":{"line":358,"column":16}},"loc":{"start":{"line":360,"column":22},"end":{"line":387,"column":3}}},"13":{"name":"(anonymous_13)","decl":{"start":{"line":392,"column":10},"end":{"line":392,"column":16}},"loc":{"start":{"line":392,"column":51},"end":{"line":394,"column":3}}}},"branchMap":{"0":{"loc":{"start":{"line":26,"column":4},"end":{"line":28,"column":5}},"type":"if","locations":[{"start":{"line":26,"column":4},"end":{"line":28,"column":5}}]},"1":{"loc":{"start":{"line":26,"column":8},"end":{"line":26,"column":65}},"type":"binary-expr","locations":[{"start":{"line":26,"column":8},"end":{"line":26,"column":34}},{"start":{"line":26,"column":38},"end":{"line":26,"column":65}}]},"2":{"loc":{"start":{"line":34,"column":8},"end":{"line":38,"column":9}},"type":"if","locations":[{"start":{"line":34,"column":8},"end":{"line":38,"column":9}}]},"3":{"loc":{"start":{"line":34,"column":12},"end":{"line":34,"column":48}},"type":"binary-expr","locations":[{"start":{"line":34,"column":12},"end":{"line":34,"column":17}},{"start":{"line":34,"column":21},"end":{"line":34,"column":48}}]},"4":{"loc":{"start":{"line":35,"column":10},"end":{"line":37,"column":11}},"type":"if","locations":[{"start":{"line":35,"column":10},"end":{"line":37,"column":11}}]},"5":{"loc":{"start":{"line":58,"column":8},"end":{"line":69,"column":9}},"type":"if","locations":[{"start":{"line":58,"column":8},"end":{"line":69,"column":9}}]},"6":{"loc":{"start":{"line":58,"column":12},"end":{"line":58,"column":50}},"type":"binary-expr","locations":[{"start":{"line":58,"column":12},"end":{"line":58,"column":18}},{"start":{"line":58,"column":22},"end":{"line":58,"column":50}}]},"7":{"loc":{"start":{"line":60,"column":10},"end":{"line":68,"column":11}},"type":"if","locations":[{"start":{"line":60,"column":10},"end":{"line":68,"column":11}}]},"8":{"loc":{"start":{"line":74,"column":4},"end":{"line":77,"column":5}},"type":"if","locations":[{"start":{"line":74,"column":4},"end":{"line":77,"column":5}}]},"9":{"loc":{"start":{"line":91,"column":4},"end":{"line":99,"column":5}},"type":"if","locations":[{"start":{"line":91,"column":4},"end":{"line":99,"column":5}}]},"10":{"loc":{"start":{"line":91,"column":8},"end":{"line":91,"column":65}},"type":"binary-expr","locations":[{"start":{"line":91,"column":8},"end":{"line":91,"column":34}},{"start":{"line":91,"column":38},"end":{"line":91,"column":65}}]},"11":{"loc":{"start":{"line":95,"column":6},"end":{"line":98,"column":7}},"type":"if","locations":[{"start":{"line":95,"column":6},"end":{"line":98,"column":7}}]},"12":{"loc":{"start":{"line":112,"column":4},"end":{"line":112,"column":43}},"type":"if","locations":[{"start":{"line":112,"column":4},"end":{"line":112,"column":43}}]},"13":{"loc":{"start":{"line":120,"column":8},"end":{"line":127,"column":9}},"type":"if","locations":[{"start":{"line":120,"column":8},"end":{"line":127,"column":9}}]},"14":{"loc":{"start":{"line":120,"column":12},"end":{"line":120,"column":54}},"type":"binary-expr","locations":[{"start":{"line":120,"column":12},"end":{"line":120,"column":20}},{"start":{"line":120,"column":24},"end":{"line":120,"column":31}},{"start":{"line":120,"column":35},"end":{"line":120,"column":43}},{"start":{"line":120,"column":47},"end":{"line":120,"column":54}}]},"15":{"loc":{"start":{"line":124,"column":10},"end":{"line":126,"column":11}},"type":"if","locations":[{"start":{"line":124,"column":10},"end":{"line":126,"column":11}}]},"16":{"loc":{"start":{"line":124,"column":14},"end":{"line":124,"column":52}},"type":"binary-expr","locations":[{"start":{"line":124,"column":14},"end":{"line":124,"column":19}},{"start":{"line":124,"column":23},"end":{"line":124,"column":52}}]},"17":{"loc":{"start":{"line":143,"column":8},"end":{"line":149,"column":9}},"type":"if","locations":[{"start":{"line":143,"column":8},"end":{"line":149,"column":9}}]},"18":{"loc":{"start":{"line":143,"column":12},"end":{"line":143,"column":50}},"type":"binary-expr","locations":[{"start":{"line":143,"column":12},"end":{"line":143,"column":17}},{"start":{"line":143,"column":21},"end":{"line":143,"column":50}}]},"19":{"loc":{"start":{"line":144,"column":10},"end":{"line":148,"column":11}},"type":"if","locations":[{"start":{"line":144,"column":10},"end":{"line":148,"column":11}},{"start":{"line":146,"column":17},"end":{"line":148,"column":11}}]},"20":{"loc":{"start":{"line":153,"column":4},"end":{"line":155,"column":5}},"type":"if","locations":[{"start":{"line":153,"column":4},"end":{"line":155,"column":5}}]},"21":{"loc":{"start":{"line":153,"column":8},"end":{"line":153,"column":38}},"type":"binary-expr","locations":[{"start":{"line":153,"column":8},"end":{"line":153,"column":21}},{"start":{"line":153,"column":25},"end":{"line":153,"column":38}}]},"22":{"loc":{"start":{"line":161,"column":11},"end":{"line":161,"column":39}},"type":"binary-expr","locations":[{"start":{"line":161,"column":11},"end":{"line":161,"column":23}},{"start":{"line":161,"column":27},"end":{"line":161,"column":39}}]},"23":{"loc":{"start":{"line":174,"column":4},"end":{"line":176,"column":5}},"type":"if","locations":[{"start":{"line":174,"column":4},"end":{"line":176,"column":5}}]},"24":{"loc":{"start":{"line":179,"column":4},"end":{"line":183,"column":5}},"type":"if","locations":[{"start":{"line":179,"column":4},"end":{"line":183,"column":5}}]},"25":{"loc":{"start":{"line":180,"column":6},"end":{"line":182,"column":7}},"type":"if","locations":[{"start":{"line":180,"column":6},"end":{"line":182,"column":7}}]},"26":{"loc":{"start":{"line":180,"column":10},"end":{"line":180,"column":46}},"type":"binary-expr","locations":[{"start":{"line":180,"column":10},"end":{"line":180,"column":26}},{"start":{"line":180,"column":30},"end":{"line":180,"column":46}}]},"27":{"loc":{"start":{"line":196,"column":4},"end":{"line":204,"column":5}},"type":"if","locations":[{"start":{"line":196,"column":4},"end":{"line":204,"column":5}}]},"28":{"loc":{"start":{"line":196,"column":8},"end":{"line":199,"column":39}},"type":"binary-expr","locations":[{"start":{"line":196,"column":8},"end":{"line":196,"column":38}},{"start":{"line":197,"column":8},"end":{"line":197,"column":37}},{"start":{"line":198,"column":8},"end":{"line":198,"column":39}},{"start":{"line":199,"column":8},"end":{"line":199,"column":39}}]},"29":{"loc":{"start":{"line":230,"column":16},"end":{"line":230,"column":45}},"type":"cond-expr","locations":[{"start":{"line":230,"column":40},"end":{"line":230,"column":41}},{"start":{"line":230,"column":44},"end":{"line":230,"column":45}}]},"30":{"loc":{"start":{"line":237,"column":6},"end":{"line":240,"column":7}},"type":"if","locations":[{"start":{"line":237,"column":6},"end":{"line":240,"column":7}}]},"31":{"loc":{"start":{"line":237,"column":10},"end":{"line":237,"column":73}},"type":"binary-expr","locations":[{"start":{"line":237,"column":10},"end":{"line":237,"column":15}},{"start":{"line":237,"column":19},"end":{"line":237,"column":48}},{"start":{"line":237,"column":52},"end":{"line":237,"column":73}}]},"32":{"loc":{"start":{"line":243,"column":4},"end":{"line":243,"column":36}},"type":"if","locations":[{"start":{"line":243,"column":4},"end":{"line":243,"column":36}}]},"33":{"loc":{"start":{"line":246,"column":4},"end":{"line":264,"column":5}},"type":"if","locations":[{"start":{"line":246,"column":4},"end":{"line":264,"column":5}},{"start":{"line":255,"column":11},"end":{"line":264,"column":5}}]},"34":{"loc":{"start":{"line":250,"column":8},"end":{"line":253,"column":9}},"type":"if","locations":[{"start":{"line":250,"column":8},"end":{"line":253,"column":9}}]},"35":{"loc":{"start":{"line":250,"column":12},"end":{"line":250,"column":75}},"type":"binary-expr","locations":[{"start":{"line":250,"column":12},"end":{"line":250,"column":17}},{"start":{"line":250,"column":21},"end":{"line":250,"column":50}},{"start":{"line":250,"column":54},"end":{"line":250,"column":75}}]},"36":{"loc":{"start":{"line":259,"column":8},"end":{"line":262,"column":9}},"type":"if","locations":[{"start":{"line":259,"column":8},"end":{"line":262,"column":9}}]},"37":{"loc":{"start":{"line":259,"column":12},"end":{"line":259,"column":75}},"type":"binary-expr","locations":[{"start":{"line":259,"column":12},"end":{"line":259,"column":17}},{"start":{"line":259,"column":21},"end":{"line":259,"column":50}},{"start":{"line":259,"column":54},"end":{"line":259,"column":75}}]},"38":{"loc":{"start":{"line":266,"column":4},"end":{"line":266,"column":36}},"type":"if","locations":[{"start":{"line":266,"column":4},"end":{"line":266,"column":36}}]},"39":{"loc":{"start":{"line":270,"column":22},"end":{"line":270,"column":49}},"type":"cond-expr","locations":[{"start":{"line":270,"column":44},"end":{"line":270,"column":45}},{"start":{"line":270,"column":48},"end":{"line":270,"column":49}}]},"40":{"loc":{"start":{"line":271,"column":22},"end":{"line":271,"column":49}},"type":"cond-expr","locations":[{"start":{"line":271,"column":44},"end":{"line":271,"column":45}},{"start":{"line":271,"column":48},"end":{"line":271,"column":49}}]},"41":{"loc":{"start":{"line":290,"column":4},"end":{"line":307,"column":5}},"type":"switch","locations":[{"start":{"line":291,"column":6},"end":{"line":291,"column":26}},{"start":{"line":292,"column":6},"end":{"line":293,"column":75}},{"start":{"line":295,"column":6},"end":{"line":296,"column":60}},{"start":{"line":298,"column":6},"end":{"line":306,"column":14}}]},"42":{"loc":{"start":{"line":300,"column":8},"end":{"line":305,"column":9}},"type":"if","locations":[{"start":{"line":300,"column":8},"end":{"line":305,"column":9}}]},"43":{"loc":{"start":{"line":303,"column":20},"end":{"line":303,"column":95}},"type":"cond-expr","locations":[{"start":{"line":303,"column":50},"end":{"line":303,"column":71}},{"start":{"line":303,"column":74},"end":{"line":303,"column":95}}]},"44":{"loc":{"start":{"line":326,"column":8},"end":{"line":332,"column":9}},"type":"if","locations":[{"start":{"line":326,"column":8},"end":{"line":332,"column":9}}]},"45":{"loc":{"start":{"line":327,"column":10},"end":{"line":331,"column":11}},"type":"if","locations":[{"start":{"line":327,"column":10},"end":{"line":331,"column":11}},{"start":{"line":329,"column":17},"end":{"line":331,"column":11}}]},"46":{"loc":{"start":{"line":337,"column":4},"end":{"line":339,"column":5}},"type":"if","locations":[{"start":{"line":337,"column":4},"end":{"line":339,"column":5}}]},"47":{"loc":{"start":{"line":340,"column":4},"end":{"line":342,"column":5}},"type":"if","locations":[{"start":{"line":340,"column":4},"end":{"line":342,"column":5}}]},"48":{"loc":{"start":{"line":345,"column":4},"end":{"line":350,"column":5}},"type":"if","locations":[{"start":{"line":345,"column":4},"end":{"line":350,"column":5}}]},"49":{"loc":{"start":{"line":348,"column":16},"end":{"line":348,"column":91}},"type":"cond-expr","locations":[{"start":{"line":348,"column":46},"end":{"line":348,"column":67}},{"start":{"line":348,"column":70},"end":{"line":348,"column":91}}]},"50":{"loc":{"start":{"line":369,"column":8},"end":{"line":375,"column":9}},"type":"if","locations":[{"start":{"line":369,"column":8},"end":{"line":375,"column":9}}]},"51":{"loc":{"start":{"line":369,"column":12},"end":{"line":369,"column":50}},"type":"binary-expr","locations":[{"start":{"line":369,"column":12},"end":{"line":369,"column":17}},{"start":{"line":369,"column":21},"end":{"line":369,"column":50}}]},"52":{"loc":{"start":{"line":370,"column":10},"end":{"line":374,"column":11}},"type":"if","locations":[{"start":{"line":370,"column":10},"end":{"line":374,"column":11}},{"start":{"line":372,"column":17},"end":{"line":374,"column":11}}]},"53":{"loc":{"start":{"line":379,"column":4},"end":{"line":381,"column":5}},"type":"if","locations":[{"start":{"line":379,"column":4},"end":{"line":381,"column":5}}]},"54":{"loc":{"start":{"line":382,"column":4},"end":{"line":384,"column":5}},"type":"if","locations":[{"start":{"line":382,"column":4},"end":{"line":384,"column":5}}]}},"s":{"0":0,"1":0,"2":0,"3":0,"4":0,"5":0,"6":0,"7":0,"8":0,"9":0,"10":0,"11":0,"12":0,"13":0,"14":0,"15":0,"16":0,"17":0,"18":0,"19":0,"20":0,"21":0,"22":0,"23":0,"24":0,"25":0,"26":0,"27":0,"28":0,"29":0,"30":0,"31":0,"32":0,"33":0,"34":0,"35":0,"36":0,"37":0,"38":0,"39":0,"40":0,"41":0,"42":0,"43":0,"44":0,"45":0,"46":0,"47":0,"48":0,"49":0,"50":0,"51":0,"52":0,"53":0,"54":0,"55":0,"56":0,"57":0,"58":0,"59":0,"60":0,"61":0,"62":0,"63":0,"64":0,"65":0,"66":0,"67":0,"68":0,"69":0,"70":0,"71":0,"72":0,"73":0,"74":0,"75":0,"76":0,"77":0,"78":0,"79":0,"80":0,"81":0,"82":0,"83":0,"84":0,"85":0,"86":0,"87":0,"88":0,"89":0,"90":0,"91":0,"92":0,"93":0,"94":0,"95":0,"96":0,"97":0,"98":0,"99":0,"100":0,"101":0,"102":0,"103":0,"104":0,"105":0,"106":0,"107":0,"108":0,"109":0,"110":0,"111":0,"112":0,"113":0,"114":0,"115":0,"116":0,"117":0,"118":0,"119":0,"120":0,"121":0,"122":0,"123":0,"124":0,"125":0,"126":0,"127":0,"128":0,"129":0,"130":0,"131":0,"132":0,"133":0,"134":0,"135":0,"136":0,"137":0},"f":{"0":0,"1":0,"2":0,"3":0,"4":0,"5":0,"6":0,"7":0,"8":0,"9":0,"10":0,"11":0,"12":0,"13":0},"b":{"0":[0],"1":[0,0],"2":[0],"3":[0,0],"4":[0],"5":[0],"6":[0,0],"7":[0],"8":[0],"9":[0],"10":[0,0],"11":[0],"12":[0],"13":[0],"14":[0,0,0,0],"15":[0],"16":[0,0],"17":[0],"18":[0,0],"19":[0,0],"20":[0],"21":[0,0],"22":[0,0],"23":[0],"24":[0],"25":[0],"26":[0,0],"27":[0],"28":[0,0,0,0],"29":[0,0],"30":[0],"31":[0,0,0],"32":[0],"33":[0,0],"34":[0],"35":[0,0,0],"36":[0],"37":[0,0,0],"38":[0],"39":[0,0],"40":[0,0],"41":[0,0,0,0],"42":[0],"43":[0,0],"44":[0],"45":[0,0],"46":[0],"47":[0],"48":[0],"49":[0,0],"50":[0],"51":[0,0],"52":[0,0],"53":[0],"54":[0]}}
}
