TN:
SF:src/models/ChatStore.ts
FN:26,(anonymous_0)
FN:39,(anonymous_1)
FN:58,(anonymous_2)
FN:70,(anonymous_3)
FN:78,(anonymous_4)
FN:87,(anonymous_5)
FN:92,(anonymous_6)
FN:103,(anonymous_7)
FN:107,(anonymous_8)
FN:108,(anonymous_9)
FNF:10
FNH:0
FNDA:0,(anonymous_0)
FNDA:0,(anonymous_1)
FNDA:0,(anonymous_2)
FNDA:0,(anonymous_3)
FNDA:0,(anonymous_4)
FNDA:0,(anonymous_5)
FNDA:0,(anonymous_6)
FNDA:0,(anonymous_7)
FNDA:0,(anonymous_8)
FNDA:0,(anonymous_9)
DA:1,0
DA:20,0
DA:21,0
DA:22,0
DA:23,0
DA:24,0
DA:27,0
DA:30,0
DA:40,0
DA:41,0
DA:42,0
DA:45,0
DA:50,0
DA:51,0
DA:53,0
DA:54,0
DA:59,0
DA:60,0
DA:71,0
DA:72,0
DA:73,0
DA:74,0
DA:79,0
DA:80,0
DA:81,0
DA:82,0
DA:88,0
DA:89,0
DA:93,0
DA:94,0
DA:95,0
DA:96,0
DA:97,0
DA:98,0
DA:100,0
DA:104,0
DA:108,0
DA:109,0
DA:110,0
DA:111,0
LF:40
LH:0
BRDA:41,0,0,0
BRDA:53,1,0,0
BRDA:59,2,0,0
BRDA:71,3,0,0
BRDA:79,4,0,0
BRDA:79,5,0,0
BRDA:79,5,1,0
BRDA:81,6,0,0
BRDA:93,7,0,0
BRDA:93,7,1,0
BRDA:93,8,0,0
BRDA:93,8,1,0
BRDA:96,9,0,0
BRDA:96,10,0,0
BRDA:96,10,1,0
BRDA:109,11,0,0
BRDA:110,12,0,0
BRF:17
BRH:0
end_of_record
TN:
SF:src/models/FICSStore.ts
FN:20,(anonymous_0)
FN:24,(anonymous_1)
FN:31,(anonymous_2)
FN:32,(anonymous_3)
FN:44,(anonymous_4)
FN:48,(anonymous_5)
FN:49,(anonymous_6)
FN:56,(anonymous_7)
FN:57,(anonymous_8)
FN:63,(anonymous_9)
FN:70,(anonymous_10)
FN:85,(anonymous_11)
FN:91,(anonymous_12)
FN:96,(anonymous_13)
FN:100,(anonymous_14)
FN:105,(anonymous_15)
FN:106,(anonymous_16)
FNF:17
FNH:0
FNDA:0,(anonymous_0)
FNDA:0,(anonymous_1)
FNDA:0,(anonymous_2)
FNDA:0,(anonymous_3)
FNDA:0,(anonymous_4)
FNDA:0,(anonymous_5)
FNDA:0,(anonymous_6)
FNDA:0,(anonymous_7)
FNDA:0,(anonymous_8)
FNDA:0,(anonymous_9)
FNDA:0,(anonymous_10)
FNDA:0,(anonymous_11)
FNDA:0,(anonymous_12)
FNDA:0,(anonymous_13)
FNDA:0,(anonymous_14)
FNDA:0,(anonymous_15)
FNDA:0,(anonymous_16)
DA:1,0
DA:9,0
DA:10,0
DA:11,0
DA:12,0
DA:13,0
DA:14,0
DA:15,0
DA:17,0
DA:18,0
DA:21,0
DA:25,0
DA:26,0
DA:28,0
DA:29,0
DA:31,0
DA:32,0
DA:33,0
DA:34,0
DA:37,0
DA:38,0
DA:40,0
DA:44,0
DA:45,0
DA:48,0
DA:49,0
DA:50,0
DA:51,0
DA:53,0
DA:56,0
DA:57,0
DA:58,0
DA:59,0
DA:63,0
DA:64,0
DA:65,0
DA:71,0
DA:72,0
DA:73,0
DA:76,0
DA:77,0
DA:78,0
DA:81,0
DA:82,0
DA:86,0
DA:87,0
DA:92,0
DA:93,0
DA:97,0
DA:102,0
DA:106,0
DA:107,0
LF:52
LH:0
BRDA:37,0,0,0
BRDA:37,0,1,0
BRDA:71,1,0,0
BRDA:76,2,0,0
BRDA:86,3,0,0
BRDA:86,4,0,0
BRDA:86,4,1,0
BRF:7
BRH:0
end_of_record
TN:
SF:src/models/GameStore.ts
FN:28,(anonymous_0)
FN:33,(anonymous_1)
FN:45,(anonymous_2)
FN:58,(anonymous_3)
FN:63,(anonymous_4)
FN:67,(anonymous_5)
FN:71,(anonymous_6)
FN:75,(anonymous_7)
FNF:8
FNH:0
FNDA:0,(anonymous_0)
FNDA:0,(anonymous_1)
FNDA:0,(anonymous_2)
FNDA:0,(anonymous_3)
FNDA:0,(anonymous_4)
FNDA:0,(anonymous_5)
FNDA:0,(anonymous_6)
FNDA:0,(anonymous_7)
DA:1,0
DA:2,0
DA:21,0
DA:22,0
DA:24,0
DA:25,0
DA:26,0
DA:29,0
DA:30,0
DA:34,0
DA:35,0
DA:36,0
DA:38,0
DA:39,0
DA:41,0
DA:46,0
DA:47,0
DA:48,0
DA:49,0
DA:50,0
DA:53,0
DA:55,0
DA:64,0
DA:68,0
DA:72,0
DA:76,0
LF:26
LH:0
BRDA:38,0,0,0
BRDA:38,0,1,0
BRDA:48,1,0,0
BRF:3
BRH:0
end_of_record
TN:
SF:src/models/PreferencesStore.ts
FN:57,(anonymous_0)
FN:62,(anonymous_1)
FN:67,(anonymous_2)
FN:72,(anonymous_3)
FN:86,(anonymous_4)
FNF:5
FNH:0
FNDA:0,(anonymous_0)
FNDA:0,(anonymous_1)
FNDA:0,(anonymous_2)
FNDA:0,(anonymous_3)
FNDA:0,(anonymous_4)
DA:1,0
DA:33,0
DA:54,0
DA:55,0
DA:58,0
DA:59,0
DA:63,0
DA:64,0
DA:68,0
DA:69,0
DA:73,0
DA:74,0
DA:75,0
DA:76,0
DA:77,0
DA:78,0
DA:80,0
DA:87,0
DA:88,0
DA:89,0
DA:91,0
LF:21
LH:0
BRDA:73,0,0,0
BRDA:73,1,0,0
BRDA:73,1,1,0
BRDA:75,2,0,0
BRDA:87,3,0,0
BRDA:87,4,0,0
BRDA:87,4,1,0
BRF:7
BRH:0
end_of_record
TN:
SF:src/models/RootStore.ts
FN:12,(anonymous_0)
FN:20,(anonymous_1)
FNF:2
FNH:0
FNDA:0,(anonymous_0)
FNDA:0,(anonymous_1)
DA:1,0
DA:2,0
DA:3,0
DA:4,0
DA:6,0
DA:13,0
DA:14,0
DA:15,0
DA:16,0
DA:20,0
LF:10
LH:0
BRF:0
BRH:0
end_of_record
TN:
SF:src/services/ChessEngine.execution.ts
FN:32,(anonymous_0)
FN:117,(anonymous_1)
FN:158,(anonymous_2)
FN:243,(anonymous_3)
FN:277,(anonymous_4)
FN:278,(anonymous_5)
FN:278,(anonymous_6)
FN:284,(anonymous_7)
FN:300,(anonymous_8)
FN:307,(anonymous_9)
FN:333,(anonymous_10)
FN:350,(anonymous_11)
FNF:12
FNH:0
FNDA:0,(anonymous_0)
FNDA:0,(anonymous_1)
FNDA:0,(anonymous_2)
FNDA:0,(anonymous_3)
FNDA:0,(anonymous_4)
FNDA:0,(anonymous_5)
FNDA:0,(anonymous_6)
FNDA:0,(anonymous_7)
FNDA:0,(anonymous_8)
FNDA:0,(anonymous_9)
FNDA:0,(anonymous_10)
FNDA:0,(anonymous_11)
DA:5,0
DA:17,0
DA:28,0
DA:39,0
DA:44,0
DA:45,0
DA:47,0
DA:48,0
DA:51,0
DA:52,0
DA:53,0
DA:57,0
DA:58,0
DA:62,0
DA:63,0
DA:64,0
DA:68,0
DA:69,0
DA:72,0
DA:73,0
DA:74,0
DA:75,0
DA:76,0
DA:77,0
DA:82,0
DA:83,0
DA:84,0
DA:88,0
DA:90,0
DA:94,0
DA:103,0
DA:104,0
DA:105,0
DA:107,0
DA:110,0
DA:111,0
DA:122,0
DA:127,0
DA:128,0
DA:130,0
DA:132,0
DA:133,0
DA:135,0
DA:136,0
DA:139,0
DA:140,0
DA:142,0
DA:143,0
DA:147,0
DA:151,0
DA:165,0
DA:166,0
DA:169,0
DA:170,0
DA:171,0
DA:172,0
DA:173,0
DA:174,0
DA:177,0
DA:178,0
DA:179,0
DA:180,0
DA:186,0
DA:187,0
DA:188,0
DA:189,0
DA:190,0
DA:191,0
DA:192,0
DA:193,0
DA:194,0
DA:198,0
DA:199,0
DA:200,0
DA:201,0
DA:202,0
DA:203,0
DA:204,0
DA:211,0
DA:212,0
DA:213,0
DA:214,0
DA:215,0
DA:216,0
DA:217,0
DA:218,0
DA:219,0
DA:220,0
DA:221,0
DA:225,0
DA:226,0
DA:227,0
DA:228,0
DA:229,0
DA:230,0
DA:231,0
DA:237,0
DA:249,0
DA:254,0
DA:255,0
DA:256,0
DA:260,0
DA:261,0
DA:265,0
DA:270,0
DA:271,0
DA:278,0
DA:285,0
DA:287,0
DA:288,0
DA:290,0
DA:291,0
DA:294,0
DA:301,0
DA:308,0
DA:314,0
DA:315,0
DA:316,0
DA:317,0
DA:318,0
DA:319,0
DA:325,0
DA:326,0
DA:329,0
DA:332,0
DA:333,0
DA:334,0
DA:335,0
DA:340,0
DA:344,0
DA:351,0
DA:353,0
DA:355,0
DA:356,0
DA:357,0
DA:359,0
DA:360,0
DA:364,0
LF:138
LH:0
BRDA:47,0,0,0
BRDA:47,1,0,0
BRDA:47,1,1,0
BRDA:52,2,0,0
BRDA:52,3,0,0
BRDA:52,3,1,0
BRDA:57,4,0,0
BRDA:63,5,0,0
BRDA:72,6,0,0
BRDA:75,7,0,0
BRDA:82,8,0,0
BRDA:88,9,0,0
BRDA:88,10,0,0
BRDA:88,10,1,0
BRDA:103,11,0,0
BRDA:103,11,1,0
BRDA:103,12,0,0
BRDA:103,12,1,0
BRDA:127,13,0,0
BRDA:127,13,1,0
BRDA:130,14,0,0
BRDA:130,14,1,0
BRDA:147,15,0,0
BRDA:147,15,1,0
BRDA:169,16,0,0
BRDA:170,17,0,0
BRDA:170,17,1,0
BRDA:171,18,0,0
BRDA:171,19,0,0
BRDA:171,19,1,0
BRDA:177,20,0,0
BRDA:177,21,0,0
BRDA:177,21,1,0
BRDA:186,22,0,0
BRDA:187,23,0,0
BRDA:187,23,1,0
BRDA:188,24,0,0
BRDA:189,25,0,0
BRDA:189,25,1,0
BRDA:189,26,0,0
BRDA:189,26,1,0
BRDA:192,27,0,0
BRDA:192,28,0,0
BRDA:192,28,1,0
BRDA:198,29,0,0
BRDA:199,30,0,0
BRDA:199,30,1,0
BRDA:199,31,0,0
BRDA:199,31,1,0
BRDA:202,32,0,0
BRDA:202,33,0,0
BRDA:202,33,1,0
BRDA:212,34,0,0
BRDA:212,35,0,0
BRDA:212,35,1,0
BRDA:213,36,0,0
BRDA:213,36,1,0
BRDA:214,37,0,0
BRDA:214,37,1,0
BRDA:215,38,0,0
BRDA:216,39,0,0
BRDA:216,39,1,0
BRDA:216,40,0,0
BRDA:216,40,1,0
BRDA:219,41,0,0
BRDA:219,42,0,0
BRDA:219,42,1,0
BRDA:225,43,0,0
BRDA:226,44,0,0
BRDA:226,44,1,0
BRDA:226,45,0,0
BRDA:226,45,1,0
BRDA:229,46,0,0
BRDA:229,47,0,0
BRDA:229,47,1,0
BRDA:237,48,0,0
BRDA:237,48,1,0
BRDA:255,49,0,0
BRDA:260,50,0,0
BRDA:278,51,0,0
BRDA:278,51,1,0
BRDA:285,52,0,0
BRDA:290,53,0,0
BRDA:290,54,0,0
BRDA:290,54,1,0
BRDA:290,54,2,0
BRDA:290,54,3,0
BRDA:317,55,0,0
BRDA:318,56,0,0
BRDA:318,56,1,0
BRDA:329,57,0,0
BRDA:332,58,0,0
BRDA:334,59,0,0
BRDA:334,60,0,0
BRDA:334,60,1,0
BRDA:334,60,2,0
BRDA:356,61,0,0
BRDA:356,61,1,0
BRDA:359,62,0,0
BRF:99
BRH:0
end_of_record
TN:
SF:src/services/ChessEngine.moveGeneration.ts
FN:40,(anonymous_0)
FN:66,(anonymous_1)
FN:81,(anonymous_2)
FN:108,(anonymous_3)
FN:115,(anonymous_4)
FN:150,(anonymous_5)
FN:161,(anonymous_6)
FN:176,(anonymous_7)
FN:191,(anonymous_8)
FN:206,(anonymous_9)
FN:224,(anonymous_10)
FN:272,(anonymous_11)
FN:285,(anonymous_12)
FN:298,(anonymous_13)
FN:343,(anonymous_14)
FN:350,(anonymous_15)
FNF:16
FNH:0
FNDA:0,(anonymous_0)
FNDA:0,(anonymous_1)
FNDA:0,(anonymous_2)
FNDA:0,(anonymous_3)
FNDA:0,(anonymous_4)
FNDA:0,(anonymous_5)
FNDA:0,(anonymous_6)
FNDA:0,(anonymous_7)
FNDA:0,(anonymous_8)
FNDA:0,(anonymous_9)
FNDA:0,(anonymous_10)
FNDA:0,(anonymous_11)
FNDA:0,(anonymous_12)
FNDA:0,(anonymous_13)
FNDA:0,(anonymous_14)
FNDA:0,(anonymous_15)
DA:5,0
DA:20,0
DA:22,0
DA:30,0
DA:45,0
DA:47,0
DA:49,0
DA:51,0
DA:53,0
DA:55,0
DA:57,0
DA:59,0
DA:71,0
DA:72,0
DA:73,0
DA:74,0
DA:77,0
DA:78,0
DA:79,0
DA:81,0
DA:82,0
DA:89,0
DA:95,0
DA:96,0
DA:97,0
DA:98,0
DA:108,0
DA:109,0
DA:110,0
DA:111,0
DA:112,0
DA:113,0
DA:115,0
DA:116,0
DA:123,0
DA:131,0
DA:132,0
DA:133,0
DA:134,0
DA:144,0
DA:155,0
DA:166,0
DA:170,0
DA:181,0
DA:185,0
DA:197,0
DA:211,0
DA:214,0
DA:215,0
DA:218,0
DA:229,0
DA:232,0
DA:234,0
DA:235,0
DA:241,0
DA:242,0
DA:248,0
DA:250,0
DA:251,0
DA:257,0
DA:258,0
DA:266,0
DA:273,0
DA:276,0
DA:286,0
DA:289,0
DA:305,0
DA:307,0
DA:308,0
DA:310,0
DA:311,0
DA:313,0
DA:315,0
DA:319,0
DA:321,0
DA:325,0
DA:328,0
DA:331,0
DA:333,0
DA:337,0
DA:344,0
DA:351,0
LF:82
LH:0
BRDA:45,0,0,0
BRDA:45,0,1,0
BRDA:45,0,2,0
BRDA:45,0,3,0
BRDA:45,0,4,0
BRDA:45,0,5,0
BRDA:45,0,6,0
BRDA:72,1,0,0
BRDA:72,1,1,0
BRDA:73,2,0,0
BRDA:73,2,1,0
BRDA:74,3,0,0
BRDA:74,3,1,0
BRDA:78,4,0,0
BRDA:78,5,0,0
BRDA:78,5,1,0
BRDA:79,6,0,0
BRDA:79,6,1,0
BRDA:95,7,0,0
BRDA:97,8,0,0
BRDA:110,9,0,0
BRDA:112,10,0,0
BRDA:112,11,0,0
BRDA:112,11,1,0
BRDA:113,12,0,0
BRDA:113,12,1,0
BRDA:131,13,0,0
BRDA:133,14,0,0
BRDA:214,15,0,0
BRDA:232,16,0,0
BRDA:232,16,1,0
BRDA:232,17,0,0
BRDA:232,17,1,0
BRDA:232,17,2,0
BRDA:234,18,0,0
BRDA:234,19,0,0
BRDA:234,19,1,0
BRDA:241,20,0,0
BRDA:241,21,0,0
BRDA:241,21,1,0
BRDA:248,22,0,0
BRDA:248,23,0,0
BRDA:248,23,1,0
BRDA:248,23,2,0
BRDA:250,24,0,0
BRDA:250,25,0,0
BRDA:250,25,1,0
BRDA:257,26,0,0
BRDA:257,27,0,0
BRDA:257,27,1,0
BRDA:273,28,0,0
BRDA:273,28,1,0
BRDA:276,29,0,0
BRDA:276,29,1,0
BRDA:276,29,2,0
BRDA:276,29,3,0
BRDA:286,30,0,0
BRDA:286,30,1,0
BRDA:289,31,0,0
BRDA:289,31,1,0
BRDA:289,31,2,0
BRDA:289,31,3,0
BRDA:289,31,4,0
BRDA:313,32,0,0
BRDA:313,32,1,0
BRDA:319,33,0,0
BRDA:319,33,1,0
BRDA:331,34,0,0
BRDA:344,35,0,0
BRDA:344,35,1,0
BRDA:344,35,2,0
BRDA:344,35,3,0
BRF:72
BRH:0
end_of_record
TN:
SF:src/services/ChessEngine.parser.ts
FN:37,(anonymous_0)
FN:70,(anonymous_1)
FN:92,(anonymous_2)
FN:115,(anonymous_3)
FN:152,(anonymous_4)
FN:174,(anonymous_5)
FN:195,(anonymous_6)
FN:222,(anonymous_7)
FN:287,(anonymous_8)
FN:306,(anonymous_9)
FN:319,(anonymous_10)
FN:343,(anonymous_11)
FN:365,(anonymous_12)
FN:381,(anonymous_13)
FNF:14
FNH:0
FNDA:0,(anonymous_0)
FNDA:0,(anonymous_1)
FNDA:0,(anonymous_2)
FNDA:0,(anonymous_3)
FNDA:0,(anonymous_4)
FNDA:0,(anonymous_5)
FNDA:0,(anonymous_6)
FNDA:0,(anonymous_7)
FNDA:0,(anonymous_8)
FNDA:0,(anonymous_9)
FNDA:0,(anonymous_10)
FNDA:0,(anonymous_11)
FNDA:0,(anonymous_12)
FNDA:0,(anonymous_13)
DA:5,0
DA:14,0
DA:27,0
DA:29,0
DA:30,0
DA:31,0
DA:32,0
DA:43,0
DA:46,0
DA:47,0
DA:48,0
DA:52,0
DA:53,0
DA:54,0
DA:58,0
DA:59,0
DA:60,0
DA:64,0
DA:74,0
DA:75,0
DA:77,0
DA:96,0
DA:97,0
DA:98,0
DA:100,0
DA:117,0
DA:118,0
DA:121,0
DA:122,0
DA:123,0
DA:134,0
DA:135,0
DA:136,0
DA:146,0
DA:156,0
DA:158,0
DA:160,0
DA:161,0
DA:164,0
DA:165,0
DA:168,0
DA:179,0
DA:185,0
DA:186,0
DA:189,0
DA:190,0
DA:194,0
DA:195,0
DA:196,0
DA:197,0
DA:199,0
DA:200,0
DA:203,0
DA:204,0
DA:207,0
DA:210,0
DA:211,0
DA:216,0
DA:227,0
DA:228,0
DA:229,0
DA:232,0
DA:233,0
DA:234,0
DA:235,0
DA:236,0
DA:239,0
DA:242,0
DA:249,0
DA:252,0
DA:253,0
DA:255,0
DA:256,0
DA:258,0
DA:259,0
DA:260,0
DA:265,0
DA:276,0
DA:281,0
DA:295,0
DA:303,0
DA:304,0
DA:306,0
DA:307,0
DA:309,0
DA:310,0
DA:312,0
DA:325,0
DA:327,0
DA:328,0
DA:331,0
DA:333,0
DA:334,0
DA:337,0
DA:349,0
DA:353,0
DA:354,0
DA:357,0
DA:359,0
DA:366,0
DA:368,0
DA:369,0
DA:371,0
DA:372,0
DA:375,0
DA:382,0
LF:106
LH:0
BRDA:47,0,0,0
BRDA:53,1,0,0
BRDA:59,2,0,0
BRDA:74,3,0,0
BRDA:74,3,1,0
BRDA:75,4,0,0
BRDA:75,4,1,0
BRDA:80,5,0,0
BRDA:80,5,1,0
BRDA:85,6,0,0
BRDA:85,6,1,0
BRDA:122,7,0,0
BRDA:135,8,0,0
BRDA:138,9,0,0
BRDA:138,9,1,0
BRDA:156,10,0,0
BRDA:156,11,0,0
BRDA:156,11,1,0
BRDA:160,12,0,0
BRDA:164,13,0,0
BRDA:185,14,0,0
BRDA:189,15,0,0
BRDA:194,16,0,0
BRDA:197,17,0,0
BRDA:199,18,0,0
BRDA:199,19,0,0
BRDA:199,19,1,0
BRDA:203,20,0,0
BRDA:203,21,0,0
BRDA:203,21,1,0
BRDA:210,22,0,0
BRDA:229,23,0,0
BRDA:235,24,0,0
BRDA:235,25,0,0
BRDA:235,25,1,0
BRDA:235,25,2,0
BRDA:242,26,0,0
BRDA:247,27,0,0
BRDA:247,27,1,0
BRDA:253,28,0,0
BRDA:253,29,0,0
BRDA:253,29,1,0
BRDA:253,29,2,0
BRDA:256,30,0,0
BRDA:259,31,0,0
BRDA:259,32,0,0
BRDA:259,32,1,0
BRDA:266,33,0,0
BRDA:266,33,1,0
BRDA:307,34,0,0
BRDA:327,35,0,0
BRDA:333,36,0,0
BRDA:353,37,0,0
BRDA:366,38,0,0
BRDA:371,39,0,0
BRDA:371,40,0,0
BRDA:371,40,1,0
BRDA:371,40,2,0
BRDA:371,40,3,0
BRF:59
BRH:0
end_of_record
TN:
SF:src/services/ChessEngine.validation.ts
FN:21,(anonymous_0)
FN:79,(anonymous_1)
FN:113,(anonymous_2)
FN:155,(anonymous_3)
FN:166,(anonymous_4)
FN:176,(anonymous_5)
FN:192,(anonymous_6)
FN:210,(anonymous_7)
FN:217,(anonymous_8)
FN:227,(anonymous_9)
FN:248,(anonymous_10)
FN:263,(anonymous_11)
FN:264,(anonymous_12)
FN:264,(anonymous_13)
FN:270,(anonymous_14)
FN:295,(anonymous_15)
FN:306,(anonymous_16)
FN:322,(anonymous_17)
FN:377,(anonymous_18)
FN:409,(anonymous_19)
FNF:20
FNH:0
FNDA:0,(anonymous_0)
FNDA:0,(anonymous_1)
FNDA:0,(anonymous_2)
FNDA:0,(anonymous_3)
FNDA:0,(anonymous_4)
FNDA:0,(anonymous_5)
FNDA:0,(anonymous_6)
FNDA:0,(anonymous_7)
FNDA:0,(anonymous_8)
FNDA:0,(anonymous_9)
FNDA:0,(anonymous_10)
FNDA:0,(anonymous_11)
FNDA:0,(anonymous_12)
FNDA:0,(anonymous_13)
FNDA:0,(anonymous_14)
FNDA:0,(anonymous_15)
FNDA:0,(anonymous_16)
FNDA:0,(anonymous_17)
FNDA:0,(anonymous_18)
FNDA:0,(anonymous_19)
DA:5,0
DA:17,0
DA:28,0
DA:29,0
DA:33,0
DA:34,0
DA:45,0
DA:48,0
DA:51,0
DA:54,0
DA:56,0
DA:57,0
DA:58,0
DA:60,0
DA:62,0
DA:63,0
DA:68,0
DA:69,0
DA:73,0
DA:81,0
DA:82,0
DA:84,0
DA:88,0
DA:90,0
DA:91,0
DA:92,0
DA:93,0
DA:94,0
DA:101,0
DA:107,0
DA:120,0
DA:122,0
DA:125,0
DA:128,0
DA:131,0
DA:134,0
DA:138,0
DA:139,0
DA:143,0
DA:145,0
DA:148,0
DA:156,0
DA:157,0
DA:158,0
DA:160,0
DA:167,0
DA:168,0
DA:170,0
DA:177,0
DA:178,0
DA:181,0
DA:182,0
DA:186,0
DA:194,0
DA:195,0
DA:199,0
DA:200,0
DA:204,0
DA:211,0
DA:218,0
DA:219,0
DA:221,0
DA:228,0
DA:229,0
DA:231,0
DA:232,0
DA:234,0
DA:235,0
DA:236,0
DA:238,0
DA:239,0
DA:242,0
DA:249,0
DA:250,0
DA:251,0
DA:252,0
DA:253,0
DA:257,0
DA:264,0
DA:271,0
DA:272,0
DA:274,0
DA:277,0
DA:278,0
DA:281,0
DA:282,0
DA:286,0
DA:287,0
DA:288,0
DA:296,0
DA:297,0
DA:300,0
DA:307,0
DA:309,0
DA:310,0
DA:312,0
DA:313,0
DA:316,0
DA:330,0
DA:331,0
DA:332,0
DA:334,0
DA:335,0
DA:338,0
DA:339,0
DA:342,0
DA:343,0
DA:347,0
DA:349,0
DA:353,0
DA:354,0
DA:355,0
DA:360,0
DA:364,0
DA:365,0
DA:366,0
DA:371,0
DA:378,0
DA:379,0
DA:382,0
DA:383,0
DA:384,0
DA:385,0
DA:386,0
DA:387,0
DA:389,0
DA:395,0
DA:396,0
DA:400,0
DA:401,0
DA:403,0
DA:416,0
DA:417,0
DA:418,0
DA:419,0
DA:420,0
DA:421,0
DA:426,0
LF:138
LH:0
BRDA:28,0,0,0
BRDA:33,1,0,0
BRDA:54,2,0,0
BRDA:60,3,0,0
BRDA:60,4,0,0
BRDA:60,4,1,0
BRDA:60,4,2,0
BRDA:62,5,0,0
BRDA:68,6,0,0
BRDA:68,7,0,0
BRDA:68,7,1,0
BRDA:82,8,0,0
BRDA:88,9,0,0
BRDA:88,9,1,0
BRDA:93,10,0,0
BRDA:93,11,0,0
BRDA:93,11,1,0
BRDA:94,12,0,0
BRDA:120,13,0,0
BRDA:120,13,1,0
BRDA:120,13,2,0
BRDA:120,13,3,0
BRDA:120,13,4,0
BRDA:120,13,5,0
BRDA:120,13,6,0
BRDA:138,14,0,0
BRDA:156,15,0,0
BRDA:156,15,1,0
BRDA:160,16,0,0
BRDA:160,16,1,0
BRDA:170,17,0,0
BRDA:170,17,1,0
BRDA:170,17,2,0
BRDA:170,17,3,0
BRDA:181,18,0,0
BRDA:181,19,0,0
BRDA:181,19,1,0
BRDA:194,20,0,0
BRDA:194,21,0,0
BRDA:194,21,1,0
BRDA:199,22,0,0
BRDA:199,23,0,0
BRDA:199,23,1,0
BRDA:211,24,0,0
BRDA:211,24,1,0
BRDA:221,25,0,0
BRDA:221,25,1,0
BRDA:221,25,2,0
BRDA:221,25,3,0
BRDA:228,26,0,0
BRDA:228,26,1,0
BRDA:228,27,0,0
BRDA:228,27,1,0
BRDA:229,28,0,0
BRDA:229,28,1,0
BRDA:229,29,0,0
BRDA:229,29,1,0
BRDA:234,30,0,0
BRDA:234,30,1,0
BRDA:235,31,0,0
BRDA:252,32,0,0
BRDA:252,33,0,0
BRDA:252,33,1,0
BRDA:252,33,2,0
BRDA:264,34,0,0
BRDA:264,34,1,0
BRDA:274,35,0,0
BRDA:274,36,0,0
BRDA:274,36,1,0
BRDA:281,37,0,0
BRDA:281,38,0,0
BRDA:281,38,1,0
BRDA:286,39,0,0
BRDA:296,40,0,0
BRDA:296,41,0,0
BRDA:296,41,1,0
BRDA:307,42,0,0
BRDA:312,43,0,0
BRDA:312,44,0,0
BRDA:312,44,1,0
BRDA:312,44,2,0
BRDA:312,44,3,0
BRDA:330,45,0,0
BRDA:330,45,1,0
BRDA:331,46,0,0
BRDA:331,47,0,0
BRDA:331,47,1,0
BRDA:332,48,0,0
BRDA:332,49,0,0
BRDA:332,49,1,0
BRDA:334,50,0,0
BRDA:334,51,0,0
BRDA:334,51,1,0
BRDA:335,52,0,0
BRDA:335,53,0,0
BRDA:335,53,1,0
BRDA:338,54,0,0
BRDA:338,54,1,0
BRDA:342,55,0,0
BRDA:347,56,0,0
BRDA:347,56,1,0
BRDA:349,57,0,0
BRDA:349,58,0,0
BRDA:349,58,1,0
BRDA:354,59,0,0
BRDA:354,60,0,0
BRDA:354,60,1,0
BRDA:360,61,0,0
BRDA:360,62,0,0
BRDA:360,62,1,0
BRDA:360,62,2,0
BRDA:365,63,0,0
BRDA:365,64,0,0
BRDA:365,64,1,0
BRDA:385,65,0,0
BRDA:385,66,0,0
BRDA:385,66,1,0
BRDA:386,67,0,0
BRDA:386,67,1,0
BRDA:395,68,0,0
BRDA:395,69,0,0
BRDA:395,69,1,0
BRDA:403,70,0,0
BRDA:403,70,1,0
BRDA:419,71,0,0
BRDA:419,72,0,0
BRDA:419,72,1,0
BRDA:420,73,0,0
BRF:128
BRH:0
end_of_record
TN:
SF:src/services/ChessEngine.variants.ts
FN:21,(anonymous_0)
FN:48,(anonymous_1)
FN:85,(anonymous_2)
FN:93,(anonymous_3)
FN:107,(anonymous_4)
FN:135,(anonymous_5)
FN:167,(anonymous_6)
FN:194,(anonymous_7)
FN:211,(anonymous_8)
FN:225,(anonymous_9)
FN:284,(anonymous_10)
FN:315,(anonymous_11)
FN:358,(anonymous_12)
FN:392,(anonymous_13)
FNF:14
FNH:0
FNDA:0,(anonymous_0)
FNDA:0,(anonymous_1)
FNDA:0,(anonymous_2)
FNDA:0,(anonymous_3)
FNDA:0,(anonymous_4)
FNDA:0,(anonymous_5)
FNDA:0,(anonymous_6)
FNDA:0,(anonymous_7)
FNDA:0,(anonymous_8)
FNDA:0,(anonymous_9)
FNDA:0,(anonymous_10)
FNDA:0,(anonymous_11)
FNDA:0,(anonymous_12)
FNDA:0,(anonymous_13)
DA:5,0
DA:15,0
DA:17,0
DA:26,0
DA:27,0
DA:31,0
DA:32,0
DA:33,0
DA:34,0
DA:35,0
DA:36,0
DA:42,0
DA:55,0
DA:56,0
DA:57,0
DA:58,0
DA:60,0
DA:67,0
DA:74,0
DA:79,0
DA:91,0
DA:93,0
DA:95,0
DA:97,0
DA:101,0
DA:112,0
DA:115,0
DA:116,0
DA:117,0
DA:118,0
DA:120,0
DA:121,0
DA:124,0
DA:125,0
DA:136,0
DA:137,0
DA:140,0
DA:141,0
DA:142,0
DA:143,0
DA:144,0
DA:145,0
DA:147,0
DA:153,0
DA:154,0
DA:158,0
DA:159,0
DA:161,0
DA:174,0
DA:175,0
DA:179,0
DA:180,0
DA:181,0
DA:188,0
DA:196,0
DA:203,0
DA:205,0
DA:219,0
DA:230,0
DA:231,0
DA:232,0
DA:235,0
DA:236,0
DA:237,0
DA:238,0
DA:239,0
DA:243,0
DA:246,0
DA:248,0
DA:249,0
DA:250,0
DA:251,0
DA:252,0
DA:257,0
DA:258,0
DA:259,0
DA:260,0
DA:261,0
DA:266,0
DA:270,0
DA:271,0
DA:273,0
DA:290,0
DA:293,0
DA:296,0
DA:300,0
DA:301,0
DA:306,0
DA:309,0
DA:321,0
DA:323,0
DA:324,0
DA:325,0
DA:326,0
DA:327,0
DA:328,0
DA:330,0
DA:337,0
DA:338,0
DA:340,0
DA:341,0
DA:345,0
DA:346,0
DA:352,0
DA:363,0
DA:364,0
DA:366,0
DA:367,0
DA:368,0
DA:369,0
DA:370,0
DA:371,0
DA:373,0
DA:379,0
DA:380,0
DA:382,0
DA:383,0
DA:386,0
DA:393,0
LF:119
LH:0
BRDA:26,0,0,0
BRDA:26,1,0,0
BRDA:26,1,1,0
BRDA:34,2,0,0
BRDA:34,3,0,0
BRDA:34,3,1,0
BRDA:35,4,0,0
BRDA:58,5,0,0
BRDA:58,6,0,0
BRDA:58,6,1,0
BRDA:60,7,0,0
BRDA:74,8,0,0
BRDA:91,9,0,0
BRDA:91,10,0,0
BRDA:91,10,1,0
BRDA:95,11,0,0
BRDA:112,12,0,0
BRDA:120,13,0,0
BRDA:120,14,0,0
BRDA:120,14,1,0
BRDA:120,14,2,0
BRDA:120,14,3,0
BRDA:124,15,0,0
BRDA:124,16,0,0
BRDA:124,16,1,0
BRDA:143,17,0,0
BRDA:143,18,0,0
BRDA:143,18,1,0
BRDA:144,19,0,0
BRDA:144,19,1,0
BRDA:153,20,0,0
BRDA:153,21,0,0
BRDA:153,21,1,0
BRDA:161,22,0,0
BRDA:161,22,1,0
BRDA:174,23,0,0
BRDA:179,24,0,0
BRDA:180,25,0,0
BRDA:180,26,0,0
BRDA:180,26,1,0
BRDA:196,27,0,0
BRDA:196,28,0,0
BRDA:196,28,1,0
BRDA:196,28,2,0
BRDA:196,28,3,0
BRDA:230,29,0,0
BRDA:230,29,1,0
BRDA:237,30,0,0
BRDA:237,31,0,0
BRDA:237,31,1,0
BRDA:237,31,2,0
BRDA:243,32,0,0
BRDA:246,33,0,0
BRDA:246,33,1,0
BRDA:250,34,0,0
BRDA:250,35,0,0
BRDA:250,35,1,0
BRDA:250,35,2,0
BRDA:259,36,0,0
BRDA:259,37,0,0
BRDA:259,37,1,0
BRDA:259,37,2,0
BRDA:266,38,0,0
BRDA:270,39,0,0
BRDA:270,39,1,0
BRDA:271,40,0,0
BRDA:271,40,1,0
BRDA:290,41,0,0
BRDA:290,41,1,0
BRDA:290,41,2,0
BRDA:290,41,3,0
BRDA:300,42,0,0
BRDA:303,43,0,0
BRDA:303,43,1,0
BRDA:326,44,0,0
BRDA:327,45,0,0
BRDA:327,45,1,0
BRDA:337,46,0,0
BRDA:340,47,0,0
BRDA:345,48,0,0
BRDA:348,49,0,0
BRDA:348,49,1,0
BRDA:369,50,0,0
BRDA:369,51,0,0
BRDA:369,51,1,0
BRDA:370,52,0,0
BRDA:370,52,1,0
BRDA:379,53,0,0
BRDA:382,54,0,0
BRF:89
BRH:0
end_of_record
